Started GET "/rails/info/routes" for ::1 at 2017-03-21 03:25:14 -0300
  
ActiveRecord::NoDatabaseError (Unknown database 'cadastro_development'):
  
activerecord (5.0.2) lib/active_record/connection_adapters/mysql2_adapter.rb:29:in `rescue in mysql2_connection'
activerecord (5.0.2) lib/active_record/connection_adapters/mysql2_adapter.rb:12:in `mysql2_connection'
activerecord (5.0.2) lib/active_record/connection_adapters/abstract/connection_pool.rb:729:in `new_connection'
activerecord (5.0.2) lib/active_record/connection_adapters/abstract/connection_pool.rb:773:in `checkout_new_connection'
activerecord (5.0.2) lib/active_record/connection_adapters/abstract/connection_pool.rb:752:in `try_to_checkout_new_connection'
activerecord (5.0.2) lib/active_record/connection_adapters/abstract/connection_pool.rb:713:in `acquire_connection'
activerecord (5.0.2) lib/active_record/connection_adapters/abstract/connection_pool.rb:490:in `checkout'
activerecord (5.0.2) lib/active_record/connection_adapters/abstract/connection_pool.rb:364:in `connection'
activerecord (5.0.2) lib/active_record/connection_adapters/abstract/connection_pool.rb:883:in `retrieve_connection'
activerecord (5.0.2) lib/active_record/connection_handling.rb:128:in `retrieve_connection'
activerecord (5.0.2) lib/active_record/connection_handling.rb:91:in `connection'
activerecord (5.0.2) lib/active_record/migration.rb:559:in `connection'
activerecord (5.0.2) lib/active_record/migration.rb:546:in `call'
actionpack (5.0.2) lib/action_dispatch/middleware/callbacks.rb:38:in `block in call'
activesupport (5.0.2) lib/active_support/callbacks.rb:97:in `__run_callbacks__'
activesupport (5.0.2) lib/active_support/callbacks.rb:750:in `_run_call_callbacks'
activesupport (5.0.2) lib/active_support/callbacks.rb:90:in `run_callbacks'
actionpack (5.0.2) lib/action_dispatch/middleware/callbacks.rb:36:in `call'
actionpack (5.0.2) lib/action_dispatch/middleware/executor.rb:12:in `call'
actionpack (5.0.2) lib/action_dispatch/middleware/remote_ip.rb:79:in `call'
actionpack (5.0.2) lib/action_dispatch/middleware/debug_exceptions.rb:49:in `call'
web-console (3.4.0) lib/web_console/middleware.rb:135:in `call_app'
web-console (3.4.0) lib/web_console/middleware.rb:28:in `block in call'
web-console (3.4.0) lib/web_console/middleware.rb:18:in `catch'
web-console (3.4.0) lib/web_console/middleware.rb:18:in `call'
actionpack (5.0.2) lib/action_dispatch/middleware/show_exceptions.rb:31:in `call'
railties (5.0.2) lib/rails/rack/logger.rb:36:in `call_app'
railties (5.0.2) lib/rails/rack/logger.rb:24:in `block in call'
activesupport (5.0.2) lib/active_support/tagged_logging.rb:69:in `block in tagged'
activesupport (5.0.2) lib/active_support/tagged_logging.rb:26:in `tagged'
activesupport (5.0.2) lib/active_support/tagged_logging.rb:69:in `tagged'
railties (5.0.2) lib/rails/rack/logger.rb:24:in `call'
sprockets-rails (3.2.0) lib/sprockets/rails/quiet_assets.rb:13:in `call'
actionpack (5.0.2) lib/action_dispatch/middleware/request_id.rb:24:in `call'
rack (2.0.1) lib/rack/method_override.rb:22:in `call'
rack (2.0.1) lib/rack/runtime.rb:22:in `call'
activesupport (5.0.2) lib/active_support/cache/strategy/local_cache_middleware.rb:28:in `call'
actionpack (5.0.2) lib/action_dispatch/middleware/executor.rb:12:in `call'
actionpack (5.0.2) lib/action_dispatch/middleware/static.rb:136:in `call'
rack (2.0.1) lib/rack/sendfile.rb:111:in `call'
railties (5.0.2) lib/rails/engine.rb:522:in `call'
puma (3.8.2) lib/puma/configuration.rb:224:in `call'
puma (3.8.2) lib/puma/server.rb:600:in `handle_request'
puma (3.8.2) lib/puma/server.rb:435:in `process_client'
puma (3.8.2) lib/puma/server.rb:299:in `block in run'
puma (3.8.2) lib/puma/thread_pool.rb:120:in `call'
puma (3.8.2) lib/puma/thread_pool.rb:120:in `block in spawn_thread'
  Rendering /Users/brunopetrydesousa/.rbenv/versions/2.2.2/lib/ruby/gems/2.2.0/gems/actionpack-5.0.2/lib/action_dispatch/middleware/templates/rescues/diagnostics.html.erb within rescues/layout
  Rendering /Users/brunopetrydesousa/.rbenv/versions/2.2.2/lib/ruby/gems/2.2.0/gems/actionpack-5.0.2/lib/action_dispatch/middleware/templates/rescues/_source.html.erb
  Rendered /Users/brunopetrydesousa/.rbenv/versions/2.2.2/lib/ruby/gems/2.2.0/gems/actionpack-5.0.2/lib/action_dispatch/middleware/templates/rescues/_source.html.erb (3.5ms)
  Rendering /Users/brunopetrydesousa/.rbenv/versions/2.2.2/lib/ruby/gems/2.2.0/gems/actionpack-5.0.2/lib/action_dispatch/middleware/templates/rescues/_trace.html.erb
  Rendered /Users/brunopetrydesousa/.rbenv/versions/2.2.2/lib/ruby/gems/2.2.0/gems/actionpack-5.0.2/lib/action_dispatch/middleware/templates/rescues/_trace.html.erb (2.2ms)
  Rendering /Users/brunopetrydesousa/.rbenv/versions/2.2.2/lib/ruby/gems/2.2.0/gems/actionpack-5.0.2/lib/action_dispatch/middleware/templates/rescues/_request_and_response.html.erb
  Rendered /Users/brunopetrydesousa/.rbenv/versions/2.2.2/lib/ruby/gems/2.2.0/gems/actionpack-5.0.2/lib/action_dispatch/middleware/templates/rescues/_request_and_response.html.erb (0.9ms)
  Rendered /Users/brunopetrydesousa/.rbenv/versions/2.2.2/lib/ruby/gems/2.2.0/gems/actionpack-5.0.2/lib/action_dispatch/middleware/templates/rescues/diagnostics.html.erb within rescues/layout (120.6ms)
Started GET "/" for ::1 at 2017-03-21 03:36:39 -0300
Processing by Rails::WelcomeController#index as HTML
  Parameters: {"internal"=>true}
  Rendering /Users/brunopetrydesousa/.rbenv/versions/2.2.2/lib/ruby/gems/2.2.0/gems/railties-5.0.2/lib/rails/templates/rails/welcome/index.html.erb
  Rendered /Users/brunopetrydesousa/.rbenv/versions/2.2.2/lib/ruby/gems/2.2.0/gems/railties-5.0.2/lib/rails/templates/rails/welcome/index.html.erb (5.7ms)
Completed 200 OK in 76ms (Views: 31.4ms | ActiveRecord: 0.0ms)


  [1m[35m (122.1ms)[0m  [1m[35mCREATE TABLE `schema_migrations` (`version` varchar(255) PRIMARY KEY) ENGINE=InnoDB[0m
  [1m[35m (175.5ms)[0m  [1m[35mCREATE TABLE `ar_internal_metadata` (`key` varchar(255) PRIMARY KEY, `value` varchar(255), `created_at` datetime NOT NULL, `updated_at` datetime NOT NULL) ENGINE=InnoDB[0m
  [1m[35m (0.3ms)[0m  [1m[34mSELECT DATABASE() as db[0m
  [1m[35m (0.2ms)[0m  [1m[34mSELECT GET_LOCK('5185494648474129045', 0);[0m
  [1m[36mActiveRecord::SchemaMigration Load (0.7ms)[0m  [1m[34mSELECT `schema_migrations`.* FROM `schema_migrations`[0m
Migrating to CreateClientes (20170321064742)
  [1m[35m (134.9ms)[0m  [1m[35mCREATE TABLE `clientes` (`id` int AUTO_INCREMENT PRIMARY KEY, `nome` varchar(255), `email` varchar(255), `created_at` datetime NOT NULL, `updated_at` datetime NOT NULL) ENGINE=InnoDB[0m
  [1m[35m (0.2ms)[0m  [1m[35mBEGIN[0m
  [1m[35mSQL (0.3ms)[0m  [1m[32mINSERT INTO `schema_migrations` (`version`) VALUES ('20170321064742')[0m
  [1m[35m (0.5ms)[0m  [1m[35mCOMMIT[0m
  [1m[36mActiveRecord::InternalMetadata Load (0.3ms)[0m  [1m[34mSELECT  `ar_internal_metadata`.* FROM `ar_internal_metadata` WHERE `ar_internal_metadata`.`key` = 'environment' LIMIT 1[0m
  [1m[35m (0.1ms)[0m  [1m[35mBEGIN[0m
  [1m[35mSQL (0.3ms)[0m  [1m[32mINSERT INTO `ar_internal_metadata` (`key`, `value`, `created_at`, `updated_at`) VALUES ('environment', 'development', '2017-03-21 06:51:25', '2017-03-21 06:51:25')[0m
  [1m[35m (0.7ms)[0m  [1m[35mCOMMIT[0m
  [1m[35m (0.2ms)[0m  [1m[34mSELECT RELEASE_LOCK('5185494648474129045')[0m
  [1m[36mActiveRecord::SchemaMigration Load (0.2ms)[0m  [1m[34mSELECT `schema_migrations`.* FROM `schema_migrations`[0m
  [1m[35m (0.2ms)[0m  [1m[35mSHOW CREATE TABLE `clientes`[0m
  [1m[35m (0.3ms)[0m  [1m[35mSHOW TABLE STATUS LIKE 'clientes'[0m
Started GET "/" for ::1 at 2017-03-21 03:58:02 -0300
  [1m[36mActiveRecord::SchemaMigration Load (0.5ms)[0m  [1m[34mSELECT `schema_migrations`.* FROM `schema_migrations`[0m
Processing by InicioController#index as HTML
  Rendering inicio/index.html.erb within layouts/application
  Rendered inicio/index.html.erb within layouts/application (2.4ms)
Completed 200 OK in 3705ms (Views: 3668.9ms | ActiveRecord: 0.0ms)


Started GET "/" for ::1 at 2017-03-21 04:17:42 -0300
  [1m[36mActiveRecord::SchemaMigration Load (0.6ms)[0m  [1m[34mSELECT `schema_migrations`.* FROM `schema_migrations`[0m
Processing by InicioController#index as HTML
  Rendering inicio/index.html.erb within layouts/application
  Rendered inicio/index.html.erb within layouts/application (2.3ms)
Completed 200 OK in 1284ms (Views: 1244.2ms | ActiveRecord: 0.0ms)


Started GET "/images/favicon.ico" for ::1 at 2017-03-21 04:17:44 -0300
  
ActionController::RoutingError (No route matches [GET] "/images/favicon.ico"):
  
actionpack (5.0.2) lib/action_dispatch/middleware/debug_exceptions.rb:53:in `call'
web-console (3.4.0) lib/web_console/middleware.rb:135:in `call_app'
web-console (3.4.0) lib/web_console/middleware.rb:28:in `block in call'
web-console (3.4.0) lib/web_console/middleware.rb:18:in `catch'
web-console (3.4.0) lib/web_console/middleware.rb:18:in `call'
actionpack (5.0.2) lib/action_dispatch/middleware/show_exceptions.rb:31:in `call'
railties (5.0.2) lib/rails/rack/logger.rb:36:in `call_app'
railties (5.0.2) lib/rails/rack/logger.rb:24:in `block in call'
activesupport (5.0.2) lib/active_support/tagged_logging.rb:69:in `block in tagged'
activesupport (5.0.2) lib/active_support/tagged_logging.rb:26:in `tagged'
activesupport (5.0.2) lib/active_support/tagged_logging.rb:69:in `tagged'
railties (5.0.2) lib/rails/rack/logger.rb:24:in `call'
sprockets-rails (3.2.0) lib/sprockets/rails/quiet_assets.rb:13:in `call'
actionpack (5.0.2) lib/action_dispatch/middleware/request_id.rb:24:in `call'
rack (2.0.1) lib/rack/method_override.rb:22:in `call'
rack (2.0.1) lib/rack/runtime.rb:22:in `call'
activesupport (5.0.2) lib/active_support/cache/strategy/local_cache_middleware.rb:28:in `call'
actionpack (5.0.2) lib/action_dispatch/middleware/executor.rb:12:in `call'
actionpack (5.0.2) lib/action_dispatch/middleware/static.rb:136:in `call'
rack (2.0.1) lib/rack/sendfile.rb:111:in `call'
railties (5.0.2) lib/rails/engine.rb:522:in `call'
puma (3.8.2) lib/puma/configuration.rb:224:in `call'
puma (3.8.2) lib/puma/server.rb:600:in `handle_request'
puma (3.8.2) lib/puma/server.rb:435:in `process_client'
puma (3.8.2) lib/puma/server.rb:299:in `block in run'
puma (3.8.2) lib/puma/thread_pool.rb:120:in `call'
puma (3.8.2) lib/puma/thread_pool.rb:120:in `block in spawn_thread'
  Rendering /Users/brunopetrydesousa/.rbenv/versions/2.2.2/lib/ruby/gems/2.2.0/gems/actionpack-5.0.2/lib/action_dispatch/middleware/templates/rescues/routing_error.html.erb within rescues/layout
  Rendering /Users/brunopetrydesousa/.rbenv/versions/2.2.2/lib/ruby/gems/2.2.0/gems/actionpack-5.0.2/lib/action_dispatch/middleware/templates/rescues/_trace.html.erb
  Rendered /Users/brunopetrydesousa/.rbenv/versions/2.2.2/lib/ruby/gems/2.2.0/gems/actionpack-5.0.2/lib/action_dispatch/middleware/templates/rescues/_trace.html.erb (4.2ms)
  Rendered collection of /Users/brunopetrydesousa/.rbenv/versions/2.2.2/lib/ruby/gems/2.2.0/gems/actionpack-5.0.2/lib/action_dispatch/middleware/templates/routes/_route.html.erb [10 times] (4.8ms)
  Rendered /Users/brunopetrydesousa/.rbenv/versions/2.2.2/lib/ruby/gems/2.2.0/gems/actionpack-5.0.2/lib/action_dispatch/middleware/templates/routes/_table.html.erb (100.3ms)
  Rendering /Users/brunopetrydesousa/.rbenv/versions/2.2.2/lib/ruby/gems/2.2.0/gems/actionpack-5.0.2/lib/action_dispatch/middleware/templates/rescues/_request_and_response.html.erb
  Rendered /Users/brunopetrydesousa/.rbenv/versions/2.2.2/lib/ruby/gems/2.2.0/gems/actionpack-5.0.2/lib/action_dispatch/middleware/templates/rescues/_request_and_response.html.erb (2.2ms)
  Rendered /Users/brunopetrydesousa/.rbenv/versions/2.2.2/lib/ruby/gems/2.2.0/gems/actionpack-5.0.2/lib/action_dispatch/middleware/templates/rescues/routing_error.html.erb within rescues/layout (964.1ms)
Started GET "/" for ::1 at 2017-03-21 04:19:01 -0300
Processing by InicioController#index as HTML
  Rendering inicio/index.html.erb within layouts/application
  Rendered inicio/index.html.erb within layouts/application (1.2ms)
Completed 200 OK in 118ms (Views: 104.0ms | ActiveRecord: 0.0ms)


Started GET "/path3" for ::1 at 2017-03-21 04:19:04 -0300
  
ActionController::RoutingError (No route matches [GET] "/path3"):
  
actionpack (5.0.2) lib/action_dispatch/middleware/debug_exceptions.rb:53:in `call'
web-console (3.4.0) lib/web_console/middleware.rb:135:in `call_app'
web-console (3.4.0) lib/web_console/middleware.rb:28:in `block in call'
web-console (3.4.0) lib/web_console/middleware.rb:18:in `catch'
web-console (3.4.0) lib/web_console/middleware.rb:18:in `call'
actionpack (5.0.2) lib/action_dispatch/middleware/show_exceptions.rb:31:in `call'
railties (5.0.2) lib/rails/rack/logger.rb:36:in `call_app'
railties (5.0.2) lib/rails/rack/logger.rb:24:in `block in call'
activesupport (5.0.2) lib/active_support/tagged_logging.rb:69:in `block in tagged'
activesupport (5.0.2) lib/active_support/tagged_logging.rb:26:in `tagged'
activesupport (5.0.2) lib/active_support/tagged_logging.rb:69:in `tagged'
railties (5.0.2) lib/rails/rack/logger.rb:24:in `call'
sprockets-rails (3.2.0) lib/sprockets/rails/quiet_assets.rb:13:in `call'
actionpack (5.0.2) lib/action_dispatch/middleware/request_id.rb:24:in `call'
rack (2.0.1) lib/rack/method_override.rb:22:in `call'
rack (2.0.1) lib/rack/runtime.rb:22:in `call'
activesupport (5.0.2) lib/active_support/cache/strategy/local_cache_middleware.rb:28:in `call'
actionpack (5.0.2) lib/action_dispatch/middleware/executor.rb:12:in `call'
actionpack (5.0.2) lib/action_dispatch/middleware/static.rb:136:in `call'
rack (2.0.1) lib/rack/sendfile.rb:111:in `call'
railties (5.0.2) lib/rails/engine.rb:522:in `call'
puma (3.8.2) lib/puma/configuration.rb:224:in `call'
puma (3.8.2) lib/puma/server.rb:600:in `handle_request'
puma (3.8.2) lib/puma/server.rb:435:in `process_client'
puma (3.8.2) lib/puma/server.rb:299:in `block in run'
puma (3.8.2) lib/puma/thread_pool.rb:120:in `call'
puma (3.8.2) lib/puma/thread_pool.rb:120:in `block in spawn_thread'
  Rendering /Users/brunopetrydesousa/.rbenv/versions/2.2.2/lib/ruby/gems/2.2.0/gems/actionpack-5.0.2/lib/action_dispatch/middleware/templates/rescues/routing_error.html.erb within rescues/layout
  Rendering /Users/brunopetrydesousa/.rbenv/versions/2.2.2/lib/ruby/gems/2.2.0/gems/actionpack-5.0.2/lib/action_dispatch/middleware/templates/rescues/_trace.html.erb
  Rendered /Users/brunopetrydesousa/.rbenv/versions/2.2.2/lib/ruby/gems/2.2.0/gems/actionpack-5.0.2/lib/action_dispatch/middleware/templates/rescues/_trace.html.erb (1.8ms)
  Rendered collection of /Users/brunopetrydesousa/.rbenv/versions/2.2.2/lib/ruby/gems/2.2.0/gems/actionpack-5.0.2/lib/action_dispatch/middleware/templates/routes/_route.html.erb [10 times] (4.3ms)
  Rendered /Users/brunopetrydesousa/.rbenv/versions/2.2.2/lib/ruby/gems/2.2.0/gems/actionpack-5.0.2/lib/action_dispatch/middleware/templates/routes/_table.html.erb (1.3ms)
  Rendering /Users/brunopetrydesousa/.rbenv/versions/2.2.2/lib/ruby/gems/2.2.0/gems/actionpack-5.0.2/lib/action_dispatch/middleware/templates/rescues/_request_and_response.html.erb
  Rendered /Users/brunopetrydesousa/.rbenv/versions/2.2.2/lib/ruby/gems/2.2.0/gems/actionpack-5.0.2/lib/action_dispatch/middleware/templates/rescues/_request_and_response.html.erb (1.2ms)
  Rendered /Users/brunopetrydesousa/.rbenv/versions/2.2.2/lib/ruby/gems/2.2.0/gems/actionpack-5.0.2/lib/action_dispatch/middleware/templates/rescues/routing_error.html.erb within rescues/layout (121.2ms)
Started GET "/" for ::1 at 2017-03-21 04:19:48 -0300
Processing by InicioController#index as HTML
  Rendering inicio/index.html.erb within layouts/application
  Rendered inicio/index.html.erb within layouts/application (0.5ms)
Completed 200 OK in 367ms (Views: 337.3ms | ActiveRecord: 0.0ms)


Started GET "/" for ::1 at 2017-03-21 04:19:51 -0300
Processing by InicioController#index as HTML
  Rendering inicio/index.html.erb within layouts/application
  Rendered inicio/index.html.erb within layouts/application (0.5ms)
Completed 200 OK in 39ms (Views: 37.1ms | ActiveRecord: 0.0ms)


Started GET "/" for ::1 at 2017-03-21 04:20:46 -0300
  [1m[36mActiveRecord::SchemaMigration Load (0.4ms)[0m  [1m[34mSELECT `schema_migrations`.* FROM `schema_migrations`[0m
Processing by InicioController#index as HTML
  Rendering inicio/index.html.erb within layouts/application
  Rendered inicio/index.html.erb within layouts/application (2.4ms)
Completed 200 OK in 752ms (Views: 724.5ms | ActiveRecord: 0.0ms)


Started GET "/" for ::1 at 2017-03-21 04:26:30 -0300
  [1m[36mActiveRecord::SchemaMigration Load (0.4ms)[0m  [1m[34mSELECT `schema_migrations`.* FROM `schema_migrations`[0m
Processing by InicioController#index as HTML
  Rendering inicio/index.html.erb within layouts/application
  Rendered inicio/index.html.erb within layouts/application (2.7ms)
Completed 200 OK in 1105ms (Views: 1027.4ms | ActiveRecord: 0.0ms)


Started GET "/" for ::1 at 2017-03-21 04:40:35 -0300
  [1m[36mActiveRecord::SchemaMigration Load (0.6ms)[0m  [1m[34mSELECT `schema_migrations`.* FROM `schema_migrations`[0m
Processing by InicioController#index as HTML
  Rendering inicio/index.html.erb within layouts/application
  Rendered inicio/index.html.erb within layouts/application (2.7ms)
Completed 200 OK in 776ms (Views: 736.5ms | ActiveRecord: 0.0ms)


Started GET "/" for ::1 at 2017-03-21 04:45:35 -0300
  [1m[36mActiveRecord::SchemaMigration Load (0.6ms)[0m  [1m[34mSELECT `schema_migrations`.* FROM `schema_migrations`[0m
Processing by InicioController#index as HTML
  Rendering inicio/index.html.erb within layouts/application
  Rendered inicio/index.html.erb within layouts/application (2.9ms)
Completed 200 OK in 737ms (Views: 697.0ms | ActiveRecord: 0.0ms)


Started GET "/" for ::1 at 2017-03-21 04:45:38 -0300
Processing by InicioController#index as HTML
  Rendering inicio/index.html.erb within layouts/application
  Rendered inicio/index.html.erb within layouts/application (0.4ms)
Completed 200 OK in 48ms (Views: 45.6ms | ActiveRecord: 0.0ms)


Started GET "/" for ::1 at 2017-03-21 04:58:35 -0300
  [1m[36mActiveRecord::SchemaMigration Load (0.6ms)[0m  [1m[34mSELECT `schema_migrations`.* FROM `schema_migrations`[0m
Processing by InicioController#index as HTML
  Rendering inicio/index.html.erb within layouts/application
  Rendered inicio/index.html.erb within layouts/application (2.7ms)
Completed 200 OK in 2583ms (Views: 2551.7ms | ActiveRecord: 0.0ms)


Started GET "/clientes" for ::1 at 2017-03-21 04:59:23 -0300
Processing by ClientesController#index as HTML
  Rendering clientes/index.html.erb within layouts/application
  [1m[36mCliente Load (0.5ms)[0m  [1m[34mSELECT `clientes`.* FROM `clientes`[0m
  Rendered clientes/index.html.erb within layouts/application (101.9ms)
Completed 200 OK in 350ms (Views: 321.6ms | ActiveRecord: 1.3ms)


Started GET "/clientes" for 127.0.0.1 at 2017-03-21 05:00:48 -0300
Processing by ClientesController#index as HTML
  Rendering clientes/index.html.erb within layouts/application
  [1m[36mCliente Load (0.4ms)[0m  [1m[34mSELECT `clientes`.* FROM `clientes`[0m
  Rendered clientes/index.html.erb within layouts/application (4.0ms)
Completed 200 OK in 220ms (Views: 216.9ms | ActiveRecord: 0.4ms)


Started GET "/clientes" for 127.0.0.1 at 2017-03-21 05:00:51 -0300
Processing by ClientesController#index as HTML
  Rendering clientes/index.html.erb within layouts/application
  [1m[36mCliente Load (0.5ms)[0m  [1m[34mSELECT `clientes`.* FROM `clientes`[0m
  Rendered clientes/index.html.erb within layouts/application (6.0ms)
Completed 200 OK in 89ms (Views: 84.2ms | ActiveRecord: 0.5ms)


Started GET "/clientes" for 127.0.0.1 at 2017-03-21 05:00:54 -0300
Processing by ClientesController#index as HTML
  Rendering clientes/index.html.erb within layouts/application
  [1m[36mCliente Load (0.4ms)[0m  [1m[34mSELECT `clientes`.* FROM `clientes`[0m
  Rendered clientes/index.html.erb within layouts/application (3.7ms)
Completed 200 OK in 79ms (Views: 76.3ms | ActiveRecord: 0.4ms)


Started GET "/clientes" for 127.0.0.1 at 2017-03-21 05:00:55 -0300
Processing by ClientesController#index as HTML
  Rendering clientes/index.html.erb within layouts/application
  [1m[36mCliente Load (0.5ms)[0m  [1m[34mSELECT `clientes`.* FROM `clientes`[0m
  Rendered clientes/index.html.erb within layouts/application (4.8ms)
Completed 200 OK in 88ms (Views: 85.8ms | ActiveRecord: 0.5ms)


Started GET "/" for ::1 at 2017-03-21 05:01:20 -0300
Processing by InicioController#index as HTML
  Rendering inicio/index.html.erb within layouts/application
  Rendered inicio/index.html.erb within layouts/application (0.5ms)
Completed 200 OK in 96ms (Views: 70.8ms | ActiveRecord: 0.0ms)


Started GET "/" for ::1 at 2017-03-21 05:01:21 -0300
Processing by InicioController#index as HTML
  Rendering inicio/index.html.erb within layouts/application
  Rendered inicio/index.html.erb within layouts/application (0.4ms)
Completed 200 OK in 78ms (Views: 75.9ms | ActiveRecord: 0.0ms)


Started GET "/" for ::1 at 2017-03-21 05:02:10 -0300
Processing by InicioController#index as HTML
  Rendering inicio/index.html.erb within layouts/application
  Rendered inicio/index.html.erb within layouts/application (0.4ms)
Completed 200 OK in 64ms (Views: 62.0ms | ActiveRecord: 0.0ms)


Started GET "/" for ::1 at 2017-03-21 05:02:29 -0300
Processing by InicioController#index as HTML
  Rendering inicio/index.html.erb within layouts/application
  Rendered inicio/index.html.erb within layouts/application (0.4ms)
Completed 200 OK in 67ms (Views: 65.1ms | ActiveRecord: 0.0ms)


Started GET "/" for ::1 at 2017-03-21 05:03:04 -0300
Processing by InicioController#index as HTML
  Rendering inicio/index.html.erb within layouts/application
  Rendered inicio/index.html.erb within layouts/application (0.5ms)
Completed 200 OK in 92ms (Views: 89.9ms | ActiveRecord: 0.0ms)


Started GET "/" for ::1 at 2017-03-21 05:03:14 -0300
Processing by InicioController#index as HTML
  Rendering inicio/index.html.erb within layouts/application
  Rendered inicio/index.html.erb within layouts/application (0.4ms)
Completed 200 OK in 82ms (Views: 80.1ms | ActiveRecord: 0.0ms)


Started GET "/rails/info/routes" for ::1 at 2017-03-21 05:04:59 -0300
Processing by Rails::InfoController#routes as HTML
  Parameters: {"internal"=>true}
  Rendering /Users/brunopetrydesousa/.rbenv/versions/2.2.2/lib/ruby/gems/2.2.0/gems/railties-5.0.2/lib/rails/templates/rails/info/routes.html.erb within layouts/application
  Rendered collection of /Users/brunopetrydesousa/.rbenv/versions/2.2.2/lib/ruby/gems/2.2.0/gems/actionpack-5.0.2/lib/action_dispatch/middleware/templates/routes/_route.html.erb [10 times] (5.8ms)
  Rendered /Users/brunopetrydesousa/.rbenv/versions/2.2.2/lib/ruby/gems/2.2.0/gems/actionpack-5.0.2/lib/action_dispatch/middleware/templates/routes/_table.html.erb (48.3ms)
  Rendered /Users/brunopetrydesousa/.rbenv/versions/2.2.2/lib/ruby/gems/2.2.0/gems/railties-5.0.2/lib/rails/templates/rails/info/routes.html.erb within layouts/application (73.3ms)
Completed 200 OK in 90ms (Views: 84.5ms | ActiveRecord: 0.0ms)


Started GET "/rails/info/routes" for ::1 at 2017-03-21 05:05:01 -0300
Processing by Rails::InfoController#routes as HTML
  Parameters: {"internal"=>true}
  Rendering /Users/brunopetrydesousa/.rbenv/versions/2.2.2/lib/ruby/gems/2.2.0/gems/railties-5.0.2/lib/rails/templates/rails/info/routes.html.erb within layouts/application
  Rendered collection of /Users/brunopetrydesousa/.rbenv/versions/2.2.2/lib/ruby/gems/2.2.0/gems/actionpack-5.0.2/lib/action_dispatch/middleware/templates/routes/_route.html.erb [10 times] (3.3ms)
  Rendered /Users/brunopetrydesousa/.rbenv/versions/2.2.2/lib/ruby/gems/2.2.0/gems/actionpack-5.0.2/lib/action_dispatch/middleware/templates/routes/_table.html.erb (1.5ms)
  Rendered /Users/brunopetrydesousa/.rbenv/versions/2.2.2/lib/ruby/gems/2.2.0/gems/railties-5.0.2/lib/rails/templates/rails/info/routes.html.erb within layouts/application (12.4ms)
Completed 200 OK in 28ms (Views: 22.4ms | ActiveRecord: 0.0ms)


Started GET "/rails/info/routes" for ::1 at 2017-03-21 05:05:19 -0300
Processing by Rails::InfoController#routes as HTML
  Parameters: {"internal"=>true}
  Rendering /Users/brunopetrydesousa/.rbenv/versions/2.2.2/lib/ruby/gems/2.2.0/gems/railties-5.0.2/lib/rails/templates/rails/info/routes.html.erb within layouts/application
  Rendered collection of /Users/brunopetrydesousa/.rbenv/versions/2.2.2/lib/ruby/gems/2.2.0/gems/actionpack-5.0.2/lib/action_dispatch/middleware/templates/routes/_route.html.erb [10 times] (4.7ms)
  Rendered /Users/brunopetrydesousa/.rbenv/versions/2.2.2/lib/ruby/gems/2.2.0/gems/actionpack-5.0.2/lib/action_dispatch/middleware/templates/routes/_table.html.erb (1.8ms)
  Rendered /Users/brunopetrydesousa/.rbenv/versions/2.2.2/lib/ruby/gems/2.2.0/gems/railties-5.0.2/lib/rails/templates/rails/info/routes.html.erb within layouts/application (74.3ms)
Completed 200 OK in 113ms (Views: 87.9ms | ActiveRecord: 0.0ms)


Started GET "/" for ::1 at 2017-03-21 05:05:23 -0300
Processing by InicioController#index as HTML
  Rendering inicio/index.html.erb within layouts/application
  Rendered inicio/index.html.erb within layouts/application (0.5ms)
Completed 200 OK in 589ms (Views: 572.3ms | ActiveRecord: 0.0ms)


Started GET "/" for ::1 at 2017-03-21 05:05:23 -0300
Processing by InicioController#index as HTML
  Rendering inicio/index.html.erb within layouts/application
  Rendered inicio/index.html.erb within layouts/application (0.4ms)
Completed 200 OK in 86ms (Views: 84.4ms | ActiveRecord: 0.0ms)


Started GET "/" for ::1 at 2017-03-21 05:05:27 -0300
Processing by InicioController#index as HTML
  Rendering inicio/index.html.erb within layouts/application
  Rendered inicio/index.html.erb within layouts/application (0.4ms)
Completed 200 OK in 61ms (Views: 59.1ms | ActiveRecord: 0.0ms)


Started GET "/clientes" for ::1 at 2017-03-21 05:05:28 -0300
Processing by ClientesController#index as HTML
  Rendering clientes/index.html.erb within layouts/application
  [1m[36mCliente Load (0.3ms)[0m  [1m[34mSELECT `clientes`.* FROM `clientes`[0m
  Rendered clientes/index.html.erb within layouts/application (4.2ms)
Completed 200 OK in 101ms (Views: 78.6ms | ActiveRecord: 0.3ms)


Started GET "/" for ::1 at 2017-03-21 05:05:29 -0300
Processing by InicioController#index as HTML
  Rendering inicio/index.html.erb within layouts/application
  Rendered inicio/index.html.erb within layouts/application (0.6ms)
Started GET "/clientes" for ::1 at 2017-03-21 05:05:30 -0300
Processing by ClientesController#index as HTML
  Rendering clientes/index.html.erb within layouts/application
  [1m[36mCliente Load (1.8ms)[0m  [1m[34mSELECT `clientes`.* FROM `clientes`[0m
  Rendered clientes/index.html.erb within layouts/application (10.9ms)
Started GET "/" for ::1 at 2017-03-21 05:05:32 -0300
Processing by InicioController#index as HTML
Completed 200 OK in 3205ms (Views: 3201.7ms | ActiveRecord: 0.0ms)


  Rendering inicio/index.html.erb within layouts/application
  Rendered inicio/index.html.erb within layouts/application (1.0ms)
Started GET "/clientes" for ::1 at 2017-03-21 05:05:33 -0300
Processing by ClientesController#index as HTML
Completed 200 OK in 2762ms (Views: 2644.3ms | ActiveRecord: 1.8ms)


  Rendering clientes/index.html.erb within layouts/application
Started GET "/" for ::1 at 2017-03-21 05:05:34 -0300
  [1m[36mCliente Load (21.5ms)[0m  [1m[34mSELECT `clientes`.* FROM `clientes`[0m
  Rendered clientes/index.html.erb within layouts/application (45.7ms)
Processing by InicioController#index as HTML
  Rendering inicio/index.html.erb within layouts/application
  Rendered inicio/index.html.erb within layouts/application (0.5ms)
Completed 200 OK in 1463ms (Views: 1454.3ms | ActiveRecord: 0.0ms)


Completed 200 OK in 876ms (Views: 793.5ms | ActiveRecord: 21.5ms)


Completed 200 OK in 275ms (Views: 249.0ms | ActiveRecord: 0.0ms)


Started GET "/" for ::1 at 2017-03-21 05:06:52 -0300
Processing by InicioController#index as HTML
  Rendering inicio/index.html.erb within layouts/application
  Rendered inicio/index.html.erb within layouts/application (0.5ms)
Completed 200 OK in 219ms (Views: 205.2ms | ActiveRecord: 0.0ms)


Started GET "/" for ::1 at 2017-03-21 05:06:53 -0300
Processing by InicioController#index as HTML
  Rendering inicio/index.html.erb within layouts/application
  Rendered inicio/index.html.erb within layouts/application (0.4ms)
Completed 200 OK in 77ms (Views: 74.9ms | ActiveRecord: 0.0ms)


Started GET "/" for ::1 at 2017-03-21 05:17:38 -0300
  [1m[36mActiveRecord::SchemaMigration Load (0.7ms)[0m  [1m[34mSELECT `schema_migrations`.* FROM `schema_migrations`[0m
Processing by InicioController#index as HTML
  Rendering inicio/index.html.erb within layouts/application
  Rendered inicio/index.html.erb within layouts/application (2.6ms)
Completed 200 OK in 958ms (Views: 918.6ms | ActiveRecord: 0.0ms)


Started GET "/clientes" for ::1 at 2017-03-21 05:17:45 -0300
Processing by ClientesController#index as HTML
  Rendering clientes/index.html.erb within layouts/application
  Rendered clientes/index.html.erb within layouts/application (125.4ms)
Completed 500 Internal Server Error in 158ms (ActiveRecord: 0.0ms)


  
ActionView::Template::Error (:"pt-br" is not a valid locale):
    1: <%- model_class = Cliente -%>
    2: <div class="page-header">
    3:   <h1><%=t '.title', :default => model_class.model_name.human.pluralize.titleize %></h1>
    4: </div>
    5: <table class="table table-striped">
    6:   <thead>
  
app/views/clientes/index.html.erb:3:in `_app_views_clientes_index_html_erb__2533248635433492925_70285934428980'
  Rendering /Users/brunopetrydesousa/.rbenv/versions/2.2.2/lib/ruby/gems/2.2.0/gems/actionpack-5.0.2/lib/action_dispatch/middleware/templates/rescues/template_error.html.erb within rescues/layout
  Rendering /Users/brunopetrydesousa/.rbenv/versions/2.2.2/lib/ruby/gems/2.2.0/gems/actionpack-5.0.2/lib/action_dispatch/middleware/templates/rescues/_source.html.erb
  Rendered /Users/brunopetrydesousa/.rbenv/versions/2.2.2/lib/ruby/gems/2.2.0/gems/actionpack-5.0.2/lib/action_dispatch/middleware/templates/rescues/_source.html.erb (7.6ms)
  Rendering /Users/brunopetrydesousa/.rbenv/versions/2.2.2/lib/ruby/gems/2.2.0/gems/actionpack-5.0.2/lib/action_dispatch/middleware/templates/rescues/_trace.html.erb
  Rendered /Users/brunopetrydesousa/.rbenv/versions/2.2.2/lib/ruby/gems/2.2.0/gems/actionpack-5.0.2/lib/action_dispatch/middleware/templates/rescues/_trace.html.erb (3.5ms)
  Rendering /Users/brunopetrydesousa/.rbenv/versions/2.2.2/lib/ruby/gems/2.2.0/gems/actionpack-5.0.2/lib/action_dispatch/middleware/templates/rescues/_request_and_response.html.erb
  Rendered /Users/brunopetrydesousa/.rbenv/versions/2.2.2/lib/ruby/gems/2.2.0/gems/actionpack-5.0.2/lib/action_dispatch/middleware/templates/rescues/_request_and_response.html.erb (1.0ms)
  Rendered /Users/brunopetrydesousa/.rbenv/versions/2.2.2/lib/ruby/gems/2.2.0/gems/actionpack-5.0.2/lib/action_dispatch/middleware/templates/rescues/template_error.html.erb within rescues/layout (105.7ms)
Started GET "/clientes" for ::1 at 2017-03-21 05:20:19 -0300
Started GET "/clientes" for ::1 at 2017-03-21 05:20:19 -0300
Processing by ClientesController#index as HTML
  Rendering clientes/index.html.erb within layouts/application
  Rendered clientes/index.html.erb within layouts/application (214.2ms)
Completed 500 Internal Server Error in 376ms (ActiveRecord: 0.0ms)


  
ActionView::Template::Error (:"pt-br" is not a valid locale):
    1: <%- model_class = Cliente -%>
    2: <div class="page-header">
    3:   <h1><%=t '.title', :default => model_class.model_name.human.pluralize.titleize %></h1>
    4: </div>
    5: <table class="table table-striped">
    6:   <thead>
  
app/views/clientes/index.html.erb:3:in `_app_views_clientes_index_html_erb__2533248635433492925_70285922056840'
  Rendering /Users/brunopetrydesousa/.rbenv/versions/2.2.2/lib/ruby/gems/2.2.0/gems/actionpack-5.0.2/lib/action_dispatch/middleware/templates/rescues/template_error.html.erb within rescues/layout
  Rendering /Users/brunopetrydesousa/.rbenv/versions/2.2.2/lib/ruby/gems/2.2.0/gems/actionpack-5.0.2/lib/action_dispatch/middleware/templates/rescues/_source.html.erb
  Rendered /Users/brunopetrydesousa/.rbenv/versions/2.2.2/lib/ruby/gems/2.2.0/gems/actionpack-5.0.2/lib/action_dispatch/middleware/templates/rescues/_source.html.erb (10.5ms)
  Rendering /Users/brunopetrydesousa/.rbenv/versions/2.2.2/lib/ruby/gems/2.2.0/gems/actionpack-5.0.2/lib/action_dispatch/middleware/templates/rescues/_trace.html.erb
  Rendered /Users/brunopetrydesousa/.rbenv/versions/2.2.2/lib/ruby/gems/2.2.0/gems/actionpack-5.0.2/lib/action_dispatch/middleware/templates/rescues/_trace.html.erb (3.2ms)
  Rendering /Users/brunopetrydesousa/.rbenv/versions/2.2.2/lib/ruby/gems/2.2.0/gems/actionpack-5.0.2/lib/action_dispatch/middleware/templates/rescues/_request_and_response.html.erb
  Rendered /Users/brunopetrydesousa/.rbenv/versions/2.2.2/lib/ruby/gems/2.2.0/gems/actionpack-5.0.2/lib/action_dispatch/middleware/templates/rescues/_request_and_response.html.erb (1.0ms)
  Rendered /Users/brunopetrydesousa/.rbenv/versions/2.2.2/lib/ruby/gems/2.2.0/gems/actionpack-5.0.2/lib/action_dispatch/middleware/templates/rescues/template_error.html.erb within rescues/layout (116.1ms)
Processing by ClientesController#index as HTML
  Rendering clientes/index.html.erb within layouts/application
  Rendered clientes/index.html.erb within layouts/application (3.3ms)
Completed 500 Internal Server Error in 22ms (ActiveRecord: 0.0ms)


  
ActionView::Template::Error (:"pt-br" is not a valid locale):
    1: <%- model_class = Cliente -%>
    2: <div class="page-header">
    3:   <h1><%=t '.title', :default => model_class.model_name.human.pluralize.titleize %></h1>
    4: </div>
    5: <table class="table table-striped">
    6:   <thead>
  
app/views/clientes/index.html.erb:3:in `_app_views_clientes_index_html_erb__2533248635433492925_70285922056840'
  Rendering /Users/brunopetrydesousa/.rbenv/versions/2.2.2/lib/ruby/gems/2.2.0/gems/actionpack-5.0.2/lib/action_dispatch/middleware/templates/rescues/template_error.html.erb within rescues/layout
  Rendering /Users/brunopetrydesousa/.rbenv/versions/2.2.2/lib/ruby/gems/2.2.0/gems/actionpack-5.0.2/lib/action_dispatch/middleware/templates/rescues/_source.html.erb
  Rendered /Users/brunopetrydesousa/.rbenv/versions/2.2.2/lib/ruby/gems/2.2.0/gems/actionpack-5.0.2/lib/action_dispatch/middleware/templates/rescues/_source.html.erb (14.2ms)
  Rendering /Users/brunopetrydesousa/.rbenv/versions/2.2.2/lib/ruby/gems/2.2.0/gems/actionpack-5.0.2/lib/action_dispatch/middleware/templates/rescues/_trace.html.erb
  Rendered /Users/brunopetrydesousa/.rbenv/versions/2.2.2/lib/ruby/gems/2.2.0/gems/actionpack-5.0.2/lib/action_dispatch/middleware/templates/rescues/_trace.html.erb (3.1ms)
  Rendering /Users/brunopetrydesousa/.rbenv/versions/2.2.2/lib/ruby/gems/2.2.0/gems/actionpack-5.0.2/lib/action_dispatch/middleware/templates/rescues/_request_and_response.html.erb
  Rendered /Users/brunopetrydesousa/.rbenv/versions/2.2.2/lib/ruby/gems/2.2.0/gems/actionpack-5.0.2/lib/action_dispatch/middleware/templates/rescues/_request_and_response.html.erb (1.5ms)
  Rendered /Users/brunopetrydesousa/.rbenv/versions/2.2.2/lib/ruby/gems/2.2.0/gems/actionpack-5.0.2/lib/action_dispatch/middleware/templates/rescues/template_error.html.erb within rescues/layout (124.5ms)
Started GET "/clientes" for ::1 at 2017-03-21 05:20:22 -0300
Processing by ClientesController#index as HTML
  Rendering clientes/index.html.erb within layouts/application
  Rendered clientes/index.html.erb within layouts/application (3.5ms)
Completed 500 Internal Server Error in 12ms (ActiveRecord: 0.0ms)


  
ActionView::Template::Error (:"pt-br" is not a valid locale):
    1: <%- model_class = Cliente -%>
    2: <div class="page-header">
    3:   <h1><%=t '.title', :default => model_class.model_name.human.pluralize.titleize %></h1>
    4: </div>
    5: <table class="table table-striped">
    6:   <thead>
  
app/views/clientes/index.html.erb:3:in `_app_views_clientes_index_html_erb__2533248635433492925_70285962849320'
  Rendering /Users/brunopetrydesousa/.rbenv/versions/2.2.2/lib/ruby/gems/2.2.0/gems/actionpack-5.0.2/lib/action_dispatch/middleware/templates/rescues/template_error.html.erb within rescues/layout
  Rendering /Users/brunopetrydesousa/.rbenv/versions/2.2.2/lib/ruby/gems/2.2.0/gems/actionpack-5.0.2/lib/action_dispatch/middleware/templates/rescues/_source.html.erb
  Rendered /Users/brunopetrydesousa/.rbenv/versions/2.2.2/lib/ruby/gems/2.2.0/gems/actionpack-5.0.2/lib/action_dispatch/middleware/templates/rescues/_source.html.erb (12.0ms)
  Rendering /Users/brunopetrydesousa/.rbenv/versions/2.2.2/lib/ruby/gems/2.2.0/gems/actionpack-5.0.2/lib/action_dispatch/middleware/templates/rescues/_trace.html.erb
  Rendered /Users/brunopetrydesousa/.rbenv/versions/2.2.2/lib/ruby/gems/2.2.0/gems/actionpack-5.0.2/lib/action_dispatch/middleware/templates/rescues/_trace.html.erb (2.8ms)
  Rendering /Users/brunopetrydesousa/.rbenv/versions/2.2.2/lib/ruby/gems/2.2.0/gems/actionpack-5.0.2/lib/action_dispatch/middleware/templates/rescues/_request_and_response.html.erb
  Rendered /Users/brunopetrydesousa/.rbenv/versions/2.2.2/lib/ruby/gems/2.2.0/gems/actionpack-5.0.2/lib/action_dispatch/middleware/templates/rescues/_request_and_response.html.erb (0.8ms)
  Rendered /Users/brunopetrydesousa/.rbenv/versions/2.2.2/lib/ruby/gems/2.2.0/gems/actionpack-5.0.2/lib/action_dispatch/middleware/templates/rescues/template_error.html.erb within rescues/layout (106.4ms)
Started GET "/" for ::1 at 2017-03-21 05:20:51 -0300
  [1m[36mActiveRecord::SchemaMigration Load (0.5ms)[0m  [1m[34mSELECT `schema_migrations`.* FROM `schema_migrations`[0m
Processing by InicioController#index as HTML
  Rendering inicio/index.html.erb within layouts/application
  Rendered inicio/index.html.erb within layouts/application (2.5ms)
Completed 200 OK in 890ms (Views: 851.9ms | ActiveRecord: 0.0ms)


Started GET "/" for ::1 at 2017-03-21 05:20:55 -0300
Processing by InicioController#index as HTML
  Rendering inicio/index.html.erb within layouts/application
  Rendered inicio/index.html.erb within layouts/application (0.4ms)
Completed 200 OK in 104ms (Views: 101.7ms | ActiveRecord: 0.0ms)


Started GET "/clientes" for ::1 at 2017-03-21 05:20:58 -0300
Processing by ClientesController#index as HTML
  Rendering clientes/index.html.erb within layouts/application
  [1m[36mCliente Load (0.7ms)[0m  [1m[34mSELECT `clientes`.* FROM `clientes`[0m
  Rendered clientes/index.html.erb within layouts/application (325.8ms)
Completed 200 OK in 434ms (Views: 425.7ms | ActiveRecord: 1.4ms)


Started GET "/clientes/new" for 127.0.0.1 at 2017-03-21 05:23:19 -0300
Processing by ClientesController#new as HTML
  Rendering clientes/new.html.erb within layouts/application
  Rendered clientes/_form.html.erb (48.9ms)
  Rendered clientes/new.html.erb within layouts/application (51.9ms)
Completed 200 OK in 393ms (Views: 115.6ms | ActiveRecord: 1.2ms)


Started POST "/clientes" for 127.0.0.1 at 2017-03-21 05:23:36 -0300
Processing by ClientesController#create as HTML
  Parameters: {"utf8"=>"✓", "authenticity_token"=>"FBG2TDRqD7KSfB6oZ5sNLYJ+QkENWqkpf0gmm8HYnFYSPXIHPZyYUVxsenKrL5SkLkSk0m8Kg5cwrG/6d6BN1A==", "cliente"=>{"nome"=>"Johan Sousa", "email"=>"johan.maia.sousa@gmail.com"}, "commit"=>"Create Cliente"}
  [1m[35m (0.3ms)[0m  [1m[35mBEGIN[0m
  [1m[35mSQL (0.5ms)[0m  [1m[32mINSERT INTO `clientes` (`nome`, `email`, `created_at`, `updated_at`) VALUES ('Johan Sousa', 'johan.maia.sousa@gmail.com', '2017-03-21 08:23:36', '2017-03-21 08:23:36')[0m
  [1m[35m (12.0ms)[0m  [1m[35mCOMMIT[0m
Redirected to http://localhost:3000/clientes/1
Completed 302 Found in 18ms (ActiveRecord: 12.7ms)


Started GET "/clientes/1" for 127.0.0.1 at 2017-03-21 05:23:36 -0300
Processing by ClientesController#show as HTML
  Parameters: {"id"=>"1"}
  [1m[36mCliente Load (0.4ms)[0m  [1m[34mSELECT  `clientes`.* FROM `clientes` WHERE `clientes`.`id` = 1 LIMIT 1[0m
  Rendering clientes/show.html.erb within layouts/application
  Rendered clientes/show.html.erb within layouts/application (2.5ms)
Completed 200 OK in 93ms (Views: 65.7ms | ActiveRecord: 0.4ms)


Started GET "/clientes" for 127.0.0.1 at 2017-03-21 05:23:41 -0300
Processing by ClientesController#index as HTML
  Rendering clientes/index.html.erb within layouts/application
  [1m[36mCliente Load (0.5ms)[0m  [1m[34mSELECT `clientes`.* FROM `clientes`[0m
  Rendered clientes/index.html.erb within layouts/application (6.1ms)
Completed 200 OK in 76ms (Views: 71.7ms | ActiveRecord: 0.5ms)


Started GET "/clientes" for ::1 at 2017-03-21 05:24:08 -0300
Processing by ClientesController#index as HTML
  Rendering clientes/index.html.erb within layouts/application
  [1m[36mCliente Load (0.5ms)[0m  [1m[34mSELECT `clientes`.* FROM `clientes`[0m
  Rendered clientes/index.html.erb within layouts/application (4.9ms)
Completed 200 OK in 67ms (Views: 64.3ms | ActiveRecord: 0.5ms)


Started GET "/" for ::1 at 2017-03-21 05:24:10 -0300
Processing by InicioController#index as HTML
  Rendering inicio/index.html.erb within layouts/application
  Rendered inicio/index.html.erb within layouts/application (0.5ms)
Completed 200 OK in 76ms (Views: 73.9ms | ActiveRecord: 0.0ms)


Started GET "/" for ::1 at 2017-03-21 05:24:12 -0300
Processing by InicioController#index as HTML
  Rendering inicio/index.html.erb within layouts/application
  Rendered inicio/index.html.erb within layouts/application (0.4ms)
Completed 200 OK in 71ms (Views: 69.6ms | ActiveRecord: 0.0ms)


Started GET "/" for ::1 at 2017-03-21 05:25:30 -0300
Processing by InicioController#index as HTML
Started GET "/clientes" for ::1 at 2017-03-21 05:25:30 -0300
Processing by ClientesController#index as HTML
  Rendering clientes/index.html.erb within layouts/application
  Rendering inicio/index.html.erb within layouts/application
  Rendered inicio/index.html.erb within layouts/application (0.3ms)
  [1m[36mCliente Load (0.7ms)[0m  [1m[34mSELECT `clientes`.* FROM `clientes`[0m
  Rendered clientes/index.html.erb within layouts/application (7.7ms)
Completed 200 OK in 231ms (Views: 211.2ms | ActiveRecord: 0.7ms)


Completed 200 OK in 245ms (Views: 230.8ms | ActiveRecord: 0.0ms)


Started GET "/clientes" for ::1 at 2017-03-21 05:25:57 -0300
Processing by ClientesController#index as HTML
  Rendering clientes/index.html.erb within layouts/application
  [1m[36mCliente Load (0.4ms)[0m  [1m[34mSELECT `clientes`.* FROM `clientes`[0m
  Rendered clientes/index.html.erb within layouts/application (4.8ms)
Completed 200 OK in 68ms (Views: 65.0ms | ActiveRecord: 0.4ms)


Started GET "/clientes" for ::1 at 2017-03-21 05:27:35 -0300
Processing by ClientesController#index as HTML
  Rendering clientes/index.html.erb within layouts/application
  [1m[36mCliente Load (0.3ms)[0m  [1m[34mSELECT `clientes`.* FROM `clientes`[0m
  Rendered clientes/index.html.erb within layouts/application (5.1ms)
Completed 200 OK in 82ms (Views: 79.3ms | ActiveRecord: 0.3ms)


Started GET "/clientes" for ::1 at 2017-03-21 05:28:26 -0300
Processing by ClientesController#index as HTML
  Rendering clientes/index.html.erb within layouts/application
  [1m[36mCliente Load (0.5ms)[0m  [1m[34mSELECT `clientes`.* FROM `clientes`[0m
  Rendered clientes/index.html.erb within layouts/application (5.8ms)
Completed 200 OK in 209ms (Views: 205.9ms | ActiveRecord: 0.5ms)


Started GET "/clientes" for ::1 at 2017-03-21 05:28:29 -0300
Processing by ClientesController#index as HTML
  Rendering clientes/index.html.erb within layouts/application
  [1m[36mCliente Load (0.4ms)[0m  [1m[34mSELECT `clientes`.* FROM `clientes`[0m
  Rendered clientes/index.html.erb within layouts/application (5.5ms)
Completed 200 OK in 83ms (Views: 78.6ms | ActiveRecord: 0.4ms)


Started GET "/clientes" for ::1 at 2017-03-21 05:28:32 -0300
Processing by ClientesController#index as HTML
  Rendering clientes/index.html.erb within layouts/application
  [1m[36mCliente Load (0.3ms)[0m  [1m[34mSELECT `clientes`.* FROM `clientes`[0m
  Rendered clientes/index.html.erb within layouts/application (4.7ms)
Completed 200 OK in 72ms (Views: 69.2ms | ActiveRecord: 0.3ms)


Started GET "/" for ::1 at 2017-03-21 05:28:35 -0300
Processing by InicioController#index as HTML
  Rendering inicio/index.html.erb within layouts/application
  Rendered inicio/index.html.erb within layouts/application (0.4ms)
Completed 200 OK in 75ms (Views: 57.6ms | ActiveRecord: 0.0ms)


Started GET "/clientes" for ::1 at 2017-03-21 05:28:36 -0300
Processing by ClientesController#index as HTML
  Rendering clientes/index.html.erb within layouts/application
  [1m[36mCliente Load (0.4ms)[0m  [1m[34mSELECT `clientes`.* FROM `clientes`[0m
  Rendered clientes/index.html.erb within layouts/application (5.8ms)
Completed 200 OK in 84ms (Views: 80.7ms | ActiveRecord: 0.4ms)


Started GET "/clientes/new" for ::1 at 2017-03-21 05:28:38 -0300
Processing by ClientesController#new as HTML
  Rendering clientes/new.html.erb within layouts/application
  Rendered clientes/_form.html.erb (3.4ms)
  Rendered clientes/new.html.erb within layouts/application (11.3ms)
Completed 200 OK in 89ms (Views: 71.0ms | ActiveRecord: 0.0ms)


Started POST "/clientes" for ::1 at 2017-03-21 05:28:50 -0300
Processing by ClientesController#create as HTML
  Parameters: {"utf8"=>"✓", "authenticity_token"=>"hmE/BRFlfUUgK/07DIjWtoeq3FWAMXt+RdlK/dYUZMKATftOGJPqpu47meHAPE8/K5A6xuJhUcAKPQOcYGy1QA==", "cliente"=>{"nome"=>"Lolo", "email"=>"lolo@live.com"}, "commit"=>"Create Cliente"}
  [1m[35m (0.2ms)[0m  [1m[35mBEGIN[0m
  [1m[35mSQL (0.4ms)[0m  [1m[32mINSERT INTO `clientes` (`nome`, `email`, `created_at`, `updated_at`) VALUES ('Lolo', 'lolo@live.com', '2017-03-21 08:28:50', '2017-03-21 08:28:50')[0m
  [1m[35m (23.8ms)[0m  [1m[35mCOMMIT[0m
Redirected to http://localhost:3000/clientes/2
Completed 302 Found in 28ms (ActiveRecord: 24.3ms)


Started GET "/clientes/2" for ::1 at 2017-03-21 05:28:50 -0300
Processing by ClientesController#show as HTML
  Parameters: {"id"=>"2"}
  [1m[36mCliente Load (0.3ms)[0m  [1m[34mSELECT  `clientes`.* FROM `clientes` WHERE `clientes`.`id` = 2 LIMIT 1[0m
  Rendering clientes/show.html.erb within layouts/application
  Rendered clientes/show.html.erb within layouts/application (2.1ms)
Completed 200 OK in 78ms (Views: 60.4ms | ActiveRecord: 0.3ms)


Started GET "/clientes" for ::1 at 2017-03-21 05:28:52 -0300
Processing by ClientesController#index as HTML
  Rendering clientes/index.html.erb within layouts/application
  [1m[36mCliente Load (0.4ms)[0m  [1m[34mSELECT `clientes`.* FROM `clientes`[0m
  Rendered clientes/index.html.erb within layouts/application (16.0ms)
Completed 200 OK in 91ms (Views: 87.4ms | ActiveRecord: 0.4ms)


Started GET "/clientes/2" for ::1 at 2017-03-21 05:29:11 -0300
Processing by ClientesController#show as HTML
  Parameters: {"id"=>"2"}
  [1m[36mCliente Load (0.4ms)[0m  [1m[34mSELECT  `clientes`.* FROM `clientes` WHERE `clientes`.`id` = 2 LIMIT 1[0m
  Rendering clientes/show.html.erb within layouts/application
  Rendered clientes/show.html.erb within layouts/application (2.8ms)
Completed 200 OK in 84ms (Views: 79.9ms | ActiveRecord: 0.4ms)


Started GET "/clientes" for ::1 at 2017-03-21 05:29:13 -0300
Processing by ClientesController#index as HTML
  Rendering clientes/index.html.erb within layouts/application
  [1m[36mCliente Load (0.3ms)[0m  [1m[34mSELECT `clientes`.* FROM `clientes`[0m
  Rendered clientes/index.html.erb within layouts/application (9.1ms)
Completed 200 OK in 96ms (Views: 91.4ms | ActiveRecord: 0.3ms)


Started GET "/clientes" for ::1 at 2017-03-21 05:30:02 -0300
Processing by ClientesController#index as HTML
  Rendering clientes/index.html.erb within layouts/application
  [1m[36mCliente Load (0.4ms)[0m  [1m[34mSELECT `clientes`.* FROM `clientes`[0m
  Rendered clientes/index.html.erb within layouts/application (8.1ms)
Completed 200 OK in 197ms (Views: 193.9ms | ActiveRecord: 0.4ms)


Started GET "/clientes/new" for ::1 at 2017-03-21 05:30:12 -0300
Processing by ClientesController#new as HTML
  Rendering clientes/new.html.erb within layouts/application
  Rendered clientes/_form.html.erb (3.5ms)
  Rendered clientes/new.html.erb within layouts/application (11.3ms)
Completed 200 OK in 101ms (Views: 84.6ms | ActiveRecord: 0.0ms)


Started GET "/clientes" for ::1 at 2017-03-21 05:30:14 -0300
Processing by ClientesController#index as HTML
  Rendering clientes/index.html.erb within layouts/application
  [1m[36mCliente Load (0.4ms)[0m  [1m[34mSELECT `clientes`.* FROM `clientes`[0m
  Rendered clientes/index.html.erb within layouts/application (10.3ms)
Completed 200 OK in 96ms (Views: 91.2ms | ActiveRecord: 0.4ms)


Started GET "/" for ::1 at 2017-03-21 05:30:23 -0300
Processing by InicioController#index as HTML
  Rendering inicio/index.html.erb within layouts/application
  Rendered inicio/index.html.erb within layouts/application (0.4ms)
Completed 200 OK in 78ms (Views: 61.2ms | ActiveRecord: 0.0ms)


Started GET "/clientes" for ::1 at 2017-03-21 05:31:11 -0300
Processing by ClientesController#index as HTML
  Rendering clientes/index.html.erb within layouts/application
  [1m[36mCliente Load (0.4ms)[0m  [1m[34mSELECT `clientes`.* FROM `clientes`[0m
  Rendered clientes/index.html.erb within layouts/application (6.6ms)
Completed 200 OK in 69ms (Views: 65.6ms | ActiveRecord: 0.4ms)


Started GET "/clientes" for ::1 at 2017-03-21 05:40:18 -0300
Started GET "/clientes" for ::1 at 2017-03-21 05:40:18 -0300
  [1m[36mActiveRecord::SchemaMigration Load (0.5ms)[0m  [1m[34mSELECT `schema_migrations`.* FROM `schema_migrations`[0m
  [1m[36mActiveRecord::SchemaMigration Load (1.2ms)[0m  [1m[34mSELECT `schema_migrations`.* FROM `schema_migrations`[0m
Processing by ClientesController#index as HTML
Processing by ClientesController#index as HTML
  Rendering clientes/index.html.erb within layouts/application
  Rendering clientes/index.html.erb within layouts/application
  [1m[36mCliente Load (1.5ms)[0m  [1m[34mSELECT  `clientes`.* FROM `clientes` LIMIT 30 OFFSET 0[0m
  [1m[36mCliente Load (0.8ms)[0m  [1m[34mSELECT  `clientes`.* FROM `clientes` LIMIT 30 OFFSET 0[0m
  Rendered clientes/index.html.erb within layouts/application (152.4ms)
  Rendered clientes/index.html.erb within layouts/application (151.1ms)
Completed 200 OK in 1482ms (Views: 1427.7ms | ActiveRecord: 8.3ms)


Completed 200 OK in 1489ms (Views: 1434.9ms | ActiveRecord: 3.5ms)


Started GET "/clientes/new" for ::1 at 2017-03-21 05:40:24 -0300
Processing by ClientesController#new as HTML
  Rendering clientes/new.html.erb within layouts/application
  Rendered clientes/_form.html.erb (29.6ms)
  Rendered clientes/new.html.erb within layouts/application (37.8ms)
Completed 200 OK in 109ms (Views: 100.4ms | ActiveRecord: 0.0ms)


Started POST "/clientes" for ::1 at 2017-03-21 05:41:25 -0300
Processing by ClientesController#create as HTML
  Parameters: {"utf8"=>"✓", "authenticity_token"=>"5pvxbnYczxHgTRRBq1cymXNKpRtFkimYMdofBk9UQD7gtzUlf+pY8i5dcJtn46sQ33BDiCfCAyZ+PlZn+SyRvA==", "cliente"=>{"nome"=>"Rafa", "email"=>"rafa@stii.com"}, "commit"=>"Create Cliente"}
  [1m[35m (0.2ms)[0m  [1m[35mBEGIN[0m
  [1m[35mSQL (0.4ms)[0m  [1m[32mINSERT INTO `clientes` (`nome`, `email`, `created_at`, `updated_at`) VALUES ('Rafa', 'rafa@stii.com', '2017-03-21 08:41:35', '2017-03-21 08:41:35')[0m
  [1m[35m (14.5ms)[0m  [1m[35mCOMMIT[0m
Redirected to http://localhost:3000/clientes/3
Completed 302 Found in 43ms (ActiveRecord: 15.1ms)


Started GET "/clientes/3" for ::1 at 2017-03-21 05:41:35 -0300
Processing by ClientesController#show as HTML
  Parameters: {"id"=>"3"}
  [1m[36mCliente Load (0.4ms)[0m  [1m[34mSELECT  `clientes`.* FROM `clientes` WHERE `clientes`.`id` = 3 LIMIT 1[0m
  Rendering clientes/show.html.erb within layouts/application
  Rendered clientes/show.html.erb within layouts/application (2.7ms)
Completed 200 OK in 105ms (Views: 67.7ms | ActiveRecord: 0.4ms)


Started GET "/clientes" for ::1 at 2017-03-21 05:41:43 -0300
Processing by ClientesController#index as HTML
  Rendering clientes/index.html.erb within layouts/application
  [1m[36mCliente Load (0.5ms)[0m  [1m[34mSELECT  `clientes`.* FROM `clientes` LIMIT 7 OFFSET 0[0m
  Rendered clientes/index.html.erb within layouts/application (7.3ms)
Completed 200 OK in 74ms (Views: 70.5ms | ActiveRecord: 0.5ms)


Started GET "/clientes/new" for ::1 at 2017-03-21 05:41:44 -0300
Processing by ClientesController#new as HTML
  Rendering clientes/new.html.erb within layouts/application
  Rendered clientes/_form.html.erb (3.2ms)
  Rendered clientes/new.html.erb within layouts/application (6.3ms)
Completed 200 OK in 107ms (Views: 103.5ms | ActiveRecord: 0.0ms)


Started POST "/clientes" for ::1 at 2017-03-21 05:41:57 -0300
Processing by ClientesController#create as HTML
  Parameters: {"utf8"=>"✓", "authenticity_token"=>"NQTuHcqia868H//FNYX0u+ycqNUXDyS0WUOZKWF7h9wzKCpWw1T8LXIPmx/5MW0yQKZORnVfDgoWp9BI1wNWXg==", "cliente"=>{"nome"=>"Biel", "email"=>"biel@stii.com"}, "commit"=>"Create Cliente"}
  [1m[35m (0.2ms)[0m  [1m[35mBEGIN[0m
  [1m[35mSQL (0.4ms)[0m  [1m[32mINSERT INTO `clientes` (`nome`, `email`, `created_at`, `updated_at`) VALUES ('Biel', 'biel@stii.com', '2017-03-21 08:41:57', '2017-03-21 08:41:57')[0m
  [1m[35m (4.4ms)[0m  [1m[35mCOMMIT[0m
Redirected to http://localhost:3000/clientes/4
Completed 302 Found in 8ms (ActiveRecord: 5.0ms)


Started GET "/clientes/4" for ::1 at 2017-03-21 05:41:57 -0300
Processing by ClientesController#show as HTML
  Parameters: {"id"=>"4"}
  [1m[36mCliente Load (0.4ms)[0m  [1m[34mSELECT  `clientes`.* FROM `clientes` WHERE `clientes`.`id` = 4 LIMIT 1[0m
  Rendering clientes/show.html.erb within layouts/application
  Rendered clientes/show.html.erb within layouts/application (2.0ms)
Completed 200 OK in 74ms (Views: 70.8ms | ActiveRecord: 0.4ms)


Started GET "/clientes" for ::1 at 2017-03-21 05:41:58 -0300
Processing by ClientesController#index as HTML
  Rendering clientes/index.html.erb within layouts/application
  [1m[36mCliente Load (0.4ms)[0m  [1m[34mSELECT  `clientes`.* FROM `clientes` LIMIT 7 OFFSET 0[0m
  Rendered clientes/index.html.erb within layouts/application (11.0ms)
Completed 200 OK in 79ms (Views: 75.4ms | ActiveRecord: 0.4ms)


Started GET "/clientes/new" for ::1 at 2017-03-21 05:41:59 -0300
Processing by ClientesController#new as HTML
  Rendering clientes/new.html.erb within layouts/application
  Rendered clientes/_form.html.erb (3.1ms)
  Rendered clientes/new.html.erb within layouts/application (5.8ms)
Completed 200 OK in 87ms (Views: 84.3ms | ActiveRecord: 0.0ms)


Started POST "/clientes" for ::1 at 2017-03-21 05:42:11 -0300
Processing by ClientesController#create as HTML
  Parameters: {"utf8"=>"✓", "authenticity_token"=>"c33jYDrAitnO5eP6pt6WAGwmXQ1DEOc9dpxO6ReVHyV1UScrMzYdOgD1hyBqag+JwBy7niFAzYM5eAeIoe3Opw==", "cliente"=>{"nome"=>"Js", "email"=>"Js@stii.com"}, "commit"=>"Create Cliente"}
  [1m[35m (0.2ms)[0m  [1m[35mBEGIN[0m
  [1m[35mSQL (0.4ms)[0m  [1m[32mINSERT INTO `clientes` (`nome`, `email`, `created_at`, `updated_at`) VALUES ('Js', 'Js@stii.com', '2017-03-21 08:42:11', '2017-03-21 08:42:11')[0m
  [1m[35m (8.8ms)[0m  [1m[35mCOMMIT[0m
Redirected to http://localhost:3000/clientes/5
Completed 302 Found in 14ms (ActiveRecord: 9.4ms)


Started GET "/clientes/5" for ::1 at 2017-03-21 05:42:11 -0300
Processing by ClientesController#show as HTML
  Parameters: {"id"=>"5"}
  [1m[36mCliente Load (0.4ms)[0m  [1m[34mSELECT  `clientes`.* FROM `clientes` WHERE `clientes`.`id` = 5 LIMIT 1[0m
  Rendering clientes/show.html.erb within layouts/application
  Rendered clientes/show.html.erb within layouts/application (2.4ms)
Completed 200 OK in 72ms (Views: 69.1ms | ActiveRecord: 0.4ms)


Started GET "/clientes" for ::1 at 2017-03-21 05:42:12 -0300
Processing by ClientesController#index as HTML
  Rendering clientes/index.html.erb within layouts/application
  [1m[36mCliente Load (0.4ms)[0m  [1m[34mSELECT  `clientes`.* FROM `clientes` LIMIT 7 OFFSET 0[0m
  Rendered clientes/index.html.erb within layouts/application (8.0ms)
Completed 200 OK in 85ms (Views: 82.4ms | ActiveRecord: 0.4ms)


Started GET "/clientes/new" for ::1 at 2017-03-21 05:42:14 -0300
Processing by ClientesController#new as HTML
  Rendering clientes/new.html.erb within layouts/application
  Rendered clientes/_form.html.erb (4.0ms)
  Rendered clientes/new.html.erb within layouts/application (7.7ms)
Completed 200 OK in 90ms (Views: 87.8ms | ActiveRecord: 0.0ms)


Started POST "/clientes" for ::1 at 2017-03-21 05:42:28 -0300
Processing by ClientesController#create as HTML
  Parameters: {"utf8"=>"✓", "authenticity_token"=>"XqqYJSTqfZfsGw9QlzzsLQ66xGfQ8ViWhT3sGYnrrbhYhlxuLRzqdCILa4pbiHWkooAi9LKhcijK2aV4P5N8Og==", "cliente"=>{"nome"=>"Stii", "email"=>"5711@stii.com"}, "commit"=>"Create Cliente"}
  [1m[35m (0.2ms)[0m  [1m[35mBEGIN[0m
  [1m[35mSQL (0.3ms)[0m  [1m[32mINSERT INTO `clientes` (`nome`, `email`, `created_at`, `updated_at`) VALUES ('Stii', '5711@stii.com', '2017-03-21 08:42:28', '2017-03-21 08:42:28')[0m
  [1m[35m (1.1ms)[0m  [1m[35mCOMMIT[0m
Redirected to http://localhost:3000/clientes/6
Completed 302 Found in 5ms (ActiveRecord: 1.6ms)


Started GET "/clientes/6" for ::1 at 2017-03-21 05:42:28 -0300
Processing by ClientesController#show as HTML
  Parameters: {"id"=>"6"}
  [1m[36mCliente Load (0.4ms)[0m  [1m[34mSELECT  `clientes`.* FROM `clientes` WHERE `clientes`.`id` = 6 LIMIT 1[0m
  Rendering clientes/show.html.erb within layouts/application
  Rendered clientes/show.html.erb within layouts/application (3.0ms)
Completed 200 OK in 78ms (Views: 74.3ms | ActiveRecord: 0.4ms)


Started GET "/clientes" for ::1 at 2017-03-21 05:42:31 -0300
Processing by ClientesController#index as HTML
  Rendering clientes/index.html.erb within layouts/application
  [1m[36mCliente Load (0.5ms)[0m  [1m[34mSELECT  `clientes`.* FROM `clientes` LIMIT 7 OFFSET 0[0m
  Rendered clientes/index.html.erb within layouts/application (10.6ms)
Completed 200 OK in 79ms (Views: 75.2ms | ActiveRecord: 0.5ms)


Started GET "/clientes/new" for ::1 at 2017-03-21 05:42:32 -0300
Processing by ClientesController#new as HTML
  Rendering clientes/new.html.erb within layouts/application
  Rendered clientes/_form.html.erb (2.7ms)
  Rendered clientes/new.html.erb within layouts/application (5.7ms)
Completed 200 OK in 83ms (Views: 78.8ms | ActiveRecord: 0.0ms)


Started POST "/clientes" for ::1 at 2017-03-21 05:42:44 -0300
Processing by ClientesController#create as HTML
  Parameters: {"utf8"=>"✓", "authenticity_token"=>"OLBvFVAPAVth/5xcsHT7uQm+UKihh2Wkjakwjmdj33E+nKteWfmWuK/v+IZ8wGIwpYS2O8PXTxrCTXnv0RsO8w==", "cliente"=>{"nome"=>"eLTO", "email"=>"Elto@gmail.com"}, "commit"=>"Create Cliente"}
  [1m[35m (0.2ms)[0m  [1m[35mBEGIN[0m
  [1m[35mSQL (0.6ms)[0m  [1m[32mINSERT INTO `clientes` (`nome`, `email`, `created_at`, `updated_at`) VALUES ('eLTO', 'Elto@gmail.com', '2017-03-21 08:42:44', '2017-03-21 08:42:44')[0m
  [1m[35m (0.7ms)[0m  [1m[35mCOMMIT[0m
Redirected to http://localhost:3000/clientes/7
Completed 302 Found in 5ms (ActiveRecord: 1.5ms)


Started GET "/clientes/7" for ::1 at 2017-03-21 05:42:44 -0300
Processing by ClientesController#show as HTML
  Parameters: {"id"=>"7"}
  [1m[36mCliente Load (0.3ms)[0m  [1m[34mSELECT  `clientes`.* FROM `clientes` WHERE `clientes`.`id` = 7 LIMIT 1[0m
  Rendering clientes/show.html.erb within layouts/application
  Rendered clientes/show.html.erb within layouts/application (2.8ms)
Completed 200 OK in 75ms (Views: 72.1ms | ActiveRecord: 0.3ms)


Started GET "/clientes" for ::1 at 2017-03-21 05:42:45 -0300
Processing by ClientesController#index as HTML
  Rendering clientes/index.html.erb within layouts/application
  [1m[36mCliente Load (0.6ms)[0m  [1m[34mSELECT  `clientes`.* FROM `clientes` LIMIT 7 OFFSET 0[0m
  [1m[35m (76.9ms)[0m  [1m[34mSELECT COUNT(*) FROM `clientes`[0m
  Rendered clientes/index.html.erb within layouts/application (88.5ms)
Completed 200 OK in 170ms (Views: 90.9ms | ActiveRecord: 77.4ms)


Started GET "/clientes/new" for ::1 at 2017-03-21 05:42:48 -0300
Processing by ClientesController#new as HTML
  Rendering clientes/new.html.erb within layouts/application
  Rendered clientes/_form.html.erb (4.3ms)
  Rendered clientes/new.html.erb within layouts/application (7.5ms)
Completed 200 OK in 75ms (Views: 71.0ms | ActiveRecord: 0.0ms)


Started POST "/clientes" for ::1 at 2017-03-21 05:43:03 -0300
Processing by ClientesController#create as HTML
  Parameters: {"utf8"=>"✓", "authenticity_token"=>"qiOaq28zH7yIrTsIevCkmZzlX0Peh0m5HTglfDSzdwasD17gZsWIX0a9X9K2RD0QMN+50LzXYwdS3GwdgsumhA==", "cliente"=>{"nome"=>"Fabiana", "email"=>"teste@teste.com"}, "commit"=>"Create Cliente"}
  [1m[35m (0.2ms)[0m  [1m[35mBEGIN[0m
  [1m[35mSQL (0.4ms)[0m  [1m[32mINSERT INTO `clientes` (`nome`, `email`, `created_at`, `updated_at`) VALUES ('Fabiana', 'teste@teste.com', '2017-03-21 08:43:03', '2017-03-21 08:43:03')[0m
  [1m[35m (4.5ms)[0m  [1m[35mCOMMIT[0m
Redirected to http://localhost:3000/clientes/8
Completed 302 Found in 9ms (ActiveRecord: 5.0ms)


Started GET "/clientes/8" for ::1 at 2017-03-21 05:43:03 -0300
Processing by ClientesController#show as HTML
  Parameters: {"id"=>"8"}
  [1m[36mCliente Load (0.4ms)[0m  [1m[34mSELECT  `clientes`.* FROM `clientes` WHERE `clientes`.`id` = 8 LIMIT 1[0m
  Rendering clientes/show.html.erb within layouts/application
  Rendered clientes/show.html.erb within layouts/application (2.5ms)
Completed 200 OK in 79ms (Views: 76.5ms | ActiveRecord: 0.4ms)


Started GET "/clientes" for ::1 at 2017-03-21 05:43:05 -0300
Processing by ClientesController#index as HTML
  Rendering clientes/index.html.erb within layouts/application
  [1m[36mCliente Load (0.4ms)[0m  [1m[34mSELECT  `clientes`.* FROM `clientes` LIMIT 7 OFFSET 0[0m
  [1m[35m (0.4ms)[0m  [1m[34mSELECT COUNT(*) FROM `clientes`[0m
  Rendered clientes/index.html.erb within layouts/application (14.9ms)
Completed 200 OK in 83ms (Views: 80.2ms | ActiveRecord: 0.8ms)


Started GET "/clientes?page=2" for ::1 at 2017-03-21 05:43:08 -0300
Processing by ClientesController#index as HTML
  Parameters: {"page"=>"2"}
  Rendering clientes/index.html.erb within layouts/application
  [1m[36mCliente Load (0.4ms)[0m  [1m[34mSELECT  `clientes`.* FROM `clientes` LIMIT 7 OFFSET 7[0m
  Rendered clientes/index.html.erb within layouts/application (7.3ms)
Completed 200 OK in 79ms (Views: 76.1ms | ActiveRecord: 0.4ms)


Started GET "/clientes?page=1" for ::1 at 2017-03-21 05:43:10 -0300
Processing by ClientesController#index as HTML
  Parameters: {"page"=>"1"}
  Rendering clientes/index.html.erb within layouts/application
  [1m[36mCliente Load (0.6ms)[0m  [1m[34mSELECT  `clientes`.* FROM `clientes` LIMIT 7 OFFSET 0[0m
  [1m[35m (0.4ms)[0m  [1m[34mSELECT COUNT(*) FROM `clientes`[0m
  Rendered clientes/index.html.erb within layouts/application (12.8ms)
Completed 200 OK in 100ms (Views: 97.2ms | ActiveRecord: 1.0ms)


Started GET "/clientes?page=1" for ::1 at 2017-03-21 05:44:14 -0300
Processing by ClientesController#index as HTML
  Parameters: {"page"=>"1"}
  Rendering clientes/index.html.erb within layouts/application
  [1m[36mCliente Load (0.4ms)[0m  [1m[34mSELECT  `clientes`.* FROM `clientes` LIMIT 4 OFFSET 0[0m
  [1m[35m (0.3ms)[0m  [1m[34mSELECT COUNT(*) FROM `clientes`[0m
  Rendered clientes/index.html.erb within layouts/application (16.8ms)
Completed 200 OK in 116ms (Views: 92.9ms | ActiveRecord: 0.7ms)


Started GET "/clientes?page=1" for ::1 at 2017-03-21 05:48:54 -0300
Processing by ClientesController#index as HTML
  Parameters: {"page"=>"1"}
Completed 500 Internal Server Error in 6ms (ActiveRecord: 0.0ms)


  
ArgumentError (You need to supply at least one attribute):
  
app/models/cliente.rb:3:in `<class:Cliente>'
app/models/cliente.rb:1:in `<top (required)>'
app/controllers/clientes_controller.rb:7:in `index'
  Rendering /Users/brunopetrydesousa/.rbenv/versions/2.2.2/lib/ruby/gems/2.2.0/gems/actionpack-5.0.2/lib/action_dispatch/middleware/templates/rescues/diagnostics.html.erb within rescues/layout
  Rendering /Users/brunopetrydesousa/.rbenv/versions/2.2.2/lib/ruby/gems/2.2.0/gems/actionpack-5.0.2/lib/action_dispatch/middleware/templates/rescues/_source.html.erb
  Rendered /Users/brunopetrydesousa/.rbenv/versions/2.2.2/lib/ruby/gems/2.2.0/gems/actionpack-5.0.2/lib/action_dispatch/middleware/templates/rescues/_source.html.erb (6.5ms)
  Rendering /Users/brunopetrydesousa/.rbenv/versions/2.2.2/lib/ruby/gems/2.2.0/gems/actionpack-5.0.2/lib/action_dispatch/middleware/templates/rescues/_trace.html.erb
  Rendered /Users/brunopetrydesousa/.rbenv/versions/2.2.2/lib/ruby/gems/2.2.0/gems/actionpack-5.0.2/lib/action_dispatch/middleware/templates/rescues/_trace.html.erb (3.9ms)
  Rendering /Users/brunopetrydesousa/.rbenv/versions/2.2.2/lib/ruby/gems/2.2.0/gems/actionpack-5.0.2/lib/action_dispatch/middleware/templates/rescues/_request_and_response.html.erb
  Rendered /Users/brunopetrydesousa/.rbenv/versions/2.2.2/lib/ruby/gems/2.2.0/gems/actionpack-5.0.2/lib/action_dispatch/middleware/templates/rescues/_request_and_response.html.erb (1.3ms)
  Rendered /Users/brunopetrydesousa/.rbenv/versions/2.2.2/lib/ruby/gems/2.2.0/gems/actionpack-5.0.2/lib/action_dispatch/middleware/templates/rescues/diagnostics.html.erb within rescues/layout (106.2ms)
Started GET "/clientes?page=1" for ::1 at 2017-03-21 05:54:11 -0300
Processing by ClientesController#index as HTML
  Parameters: {"page"=>"1"}
  Rendering clientes/index.html.erb within layouts/application
  [1m[36mCliente Load (1.2ms)[0m  [1m[34mSELECT  `clientes`.* FROM `clientes` LIMIT 4 OFFSET 0[0m
  [1m[35m (0.4ms)[0m  [1m[34mSELECT COUNT(*) FROM `clientes`[0m
  Rendered clientes/index.html.erb within layouts/application (21.8ms)
Completed 200 OK in 983ms (Views: 913.4ms | ActiveRecord: 1.7ms)


Started GET "/" for ::1 at 2017-03-21 05:54:16 -0300
Processing by InicioController#index as HTML
  Rendering inicio/index.html.erb within layouts/application
  Rendered inicio/index.html.erb within layouts/application (0.6ms)
Completed 200 OK in 711ms (Views: 636.4ms | ActiveRecord: 0.0ms)


Started GET "/" for ::1 at 2017-03-21 05:54:35 -0300
Processing by InicioController#index as HTML
  Rendering inicio/index.html.erb within layouts/application
  Rendered inicio/index.html.erb within layouts/application (0.6ms)
Started GET "/clientes" for ::1 at 2017-03-21 05:54:35 -0300
Completed 200 OK in 90ms (Views: 87.5ms | ActiveRecord: 0.0ms)


Processing by ClientesController#index as HTML
  Rendering clientes/index.html.erb within layouts/application
  [1m[36mCliente Load (6.5ms)[0m  [1m[34mSELECT  `clientes`.* FROM `clientes` LIMIT 4 OFFSET 0[0m
  [1m[35m (4.0ms)[0m  [1m[34mSELECT COUNT(*) FROM `clientes`[0m
  Rendered clientes/index.html.erb within layouts/application (75.8ms)
Completed 200 OK in 261ms (Views: 219.8ms | ActiveRecord: 10.5ms)


Started GET "/clientes/new" for ::1 at 2017-03-21 05:54:42 -0300
Processing by ClientesController#new as HTML
  Rendering clientes/new.html.erb within layouts/application
  Rendered clientes/_form.html.erb (4.6ms)
  Rendered clientes/new.html.erb within layouts/application (193.9ms)
Completed 200 OK in 499ms (Views: 476.0ms | ActiveRecord: 0.0ms)


Started POST "/clientes" for ::1 at 2017-03-21 05:54:55 -0300
Processing by ClientesController#create as HTML
  Parameters: {"utf8"=>"✓", "authenticity_token"=>"0I6hDp4PzNkNAd85GQOWmVBkHGRt24uWYWHFytvHkDjWomVFl/lbOsMRu+PVtw8Q/F769w+LoSguhYyrbb9Bug==", "cliente"=>{"nome"=>"teste", "email"=>"teste"}, "commit"=>"Create Cliente"}
  [1m[35m (0.2ms)[0m  [1m[35mBEGIN[0m
  [1m[35m (0.2ms)[0m  [1m[31mROLLBACK[0m
  Rendering clientes/new.html.erb within layouts/application
  Rendered clientes/_form.html.erb (3.5ms)
  Rendered clientes/new.html.erb within layouts/application (7.1ms)
Completed 200 OK in 82ms (Views: 78.4ms | ActiveRecord: 0.4ms)


Started POST "/clientes" for ::1 at 2017-03-21 05:56:12 -0300
Processing by ClientesController#create as HTML
  Parameters: {"utf8"=>"✓", "authenticity_token"=>"UClW3TCaAbvR/2+pEeMkdBnWWM4OlSSLUeJZ608e3nuZzRwxKA+gPudQt472R6j+mJNiN9aValVfhi0ae+kVpg==", "cliente"=>{"nome"=>"teste", "email"=>"teste@teste.teste"}, "commit"=>"Create Cliente"}
  [1m[35m (0.6ms)[0m  [1m[35mBEGIN[0m
  [1m[35m (0.4ms)[0m  [1m[31mROLLBACK[0m
  Rendering clientes/new.html.erb within layouts/application
  Rendered clientes/_form.html.erb (10.8ms)
  Rendered clientes/new.html.erb within layouts/application (30.1ms)
Completed 200 OK in 700ms (Views: 683.6ms | ActiveRecord: 1.1ms)


Started POST "/clientes" for ::1 at 2017-03-21 05:56:25 -0300
Processing by ClientesController#create as HTML
  Parameters: {"utf8"=>"✓", "authenticity_token"=>"ns/P0Vbi+6w/e4WBz9HJ6D5ZilAI5zvppMalT3fP6ThXK4U9TndaKQnUXaYodUVivxywqdDndTeqotG+Qzgi5Q==", "cliente"=>{"nome"=>"teste", "email"=>"teste@teste.com"}, "commit"=>"Create Cliente"}
  [1m[35m (0.2ms)[0m  [1m[35mBEGIN[0m
  [1m[35mSQL (0.5ms)[0m  [1m[32mINSERT INTO `clientes` (`nome`, `email`, `created_at`, `updated_at`) VALUES ('teste', 'teste@teste.com', '2017-03-21 08:56:25', '2017-03-21 08:56:25')[0m
  [1m[35m (36.7ms)[0m  [1m[35mCOMMIT[0m
Redirected to http://localhost:3000/clientes/9
Completed 302 Found in 66ms (ActiveRecord: 37.4ms)


Started GET "/clientes/9" for ::1 at 2017-03-21 05:56:25 -0300
Processing by ClientesController#show as HTML
  Parameters: {"id"=>"9"}
  [1m[36mCliente Load (1.2ms)[0m  [1m[34mSELECT  `clientes`.* FROM `clientes` WHERE `clientes`.`id` = 9 LIMIT 1[0m
  Rendering clientes/show.html.erb within layouts/application
  Rendered clientes/show.html.erb within layouts/application (2.8ms)
Completed 200 OK in 855ms (Views: 837.7ms | ActiveRecord: 1.2ms)


Started GET "/clientes" for ::1 at 2017-03-21 05:56:33 -0300
Processing by ClientesController#index as HTML
  Rendering clientes/index.html.erb within layouts/application
  [1m[36mCliente Load (0.6ms)[0m  [1m[34mSELECT  `clientes`.* FROM `clientes` LIMIT 4 OFFSET 0[0m
  [1m[35m (0.6ms)[0m  [1m[34mSELECT COUNT(*) FROM `clientes`[0m
  Rendered clientes/index.html.erb within layouts/application (12.3ms)
Completed 200 OK in 129ms (Views: 112.0ms | ActiveRecord: 1.2ms)


Started GET "/clientes?page=2" for ::1 at 2017-03-21 05:56:36 -0300
Processing by ClientesController#index as HTML
  Parameters: {"page"=>"2"}
  Rendering clientes/index.html.erb within layouts/application
  [1m[36mCliente Load (0.5ms)[0m  [1m[34mSELECT  `clientes`.* FROM `clientes` LIMIT 4 OFFSET 4[0m
  [1m[35m (0.4ms)[0m  [1m[34mSELECT COUNT(*) FROM `clientes`[0m
  Rendered clientes/index.html.erb within layouts/application (13.8ms)
Completed 200 OK in 89ms (Views: 85.9ms | ActiveRecord: 0.9ms)


Started GET "/clientes?page=3" for ::1 at 2017-03-21 05:56:37 -0300
Processing by ClientesController#index as HTML
  Parameters: {"page"=>"3"}
  Rendering clientes/index.html.erb within layouts/application
  [1m[36mCliente Load (0.5ms)[0m  [1m[34mSELECT  `clientes`.* FROM `clientes` LIMIT 4 OFFSET 8[0m
  Rendered clientes/index.html.erb within layouts/application (8.9ms)
Completed 200 OK in 103ms (Views: 97.9ms | ActiveRecord: 0.5ms)


Started GET "/clientes?page=2" for ::1 at 2017-03-21 05:56:39 -0300
Processing by ClientesController#index as HTML
  Parameters: {"page"=>"2"}
  Rendering clientes/index.html.erb within layouts/application
  [1m[36mCliente Load (0.4ms)[0m  [1m[34mSELECT  `clientes`.* FROM `clientes` LIMIT 4 OFFSET 4[0m
  [1m[35m (0.3ms)[0m  [1m[34mSELECT COUNT(*) FROM `clientes`[0m
  Rendered clientes/index.html.erb within layouts/application (14.4ms)
Completed 200 OK in 103ms (Views: 99.7ms | ActiveRecord: 0.7ms)


Started GET "/clientes?page=1" for ::1 at 2017-03-21 05:56:40 -0300
Processing by ClientesController#index as HTML
  Parameters: {"page"=>"1"}
  Rendering clientes/index.html.erb within layouts/application
  [1m[36mCliente Load (0.4ms)[0m  [1m[34mSELECT  `clientes`.* FROM `clientes` LIMIT 4 OFFSET 0[0m
  [1m[35m (0.3ms)[0m  [1m[34mSELECT COUNT(*) FROM `clientes`[0m
  Rendered clientes/index.html.erb within layouts/application (10.4ms)
Completed 200 OK in 92ms (Views: 88.5ms | ActiveRecord: 0.7ms)


Started GET "/clientes/new" for ::1 at 2017-03-21 05:56:44 -0300
Processing by ClientesController#new as HTML
  Rendering clientes/new.html.erb within layouts/application
  Rendered clientes/_form.html.erb (3.2ms)
  Rendered clientes/new.html.erb within layouts/application (10.2ms)
Completed 200 OK in 106ms (Views: 81.0ms | ActiveRecord: 0.0ms)


Started POST "/clientes" for ::1 at 2017-03-21 05:56:56 -0300
Processing by ClientesController#create as HTML
  Parameters: {"utf8"=>"✓", "authenticity_token"=>"TD5mGagwl9tzkyMCZOtFufCUjTX7+NgcCnFJ+H0wCqlKEqJSocYAOL2DR9ioX9wwXK5rppmo8qJFlQCZy0jbKw==", "cliente"=>{"nome"=>"Teste", "email"=>"Teste@sss"}, "commit"=>"Create Cliente"}
  [1m[35m (0.2ms)[0m  [1m[35mBEGIN[0m
  [1m[35m (0.1ms)[0m  [1m[31mROLLBACK[0m
  Rendering clientes/new.html.erb within layouts/application
  Rendered clientes/_form.html.erb (3.1ms)
  Rendered clientes/new.html.erb within layouts/application (5.6ms)
Completed 200 OK in 88ms (Views: 83.9ms | ActiveRecord: 0.3ms)


Started POST "/clientes" for ::1 at 2017-03-21 05:57:57 -0300
Processing by ClientesController#create as HTML
  Parameters: {"utf8"=>"✓", "authenticity_token"=>"TD5mGagwl9tzkyMCZOtFufCUjTX7+NgcCnFJ+H0wCqlKEqJSocYAOL2DR9ioX9wwXK5rppmo8qJFlQCZy0jbKw==", "cliente"=>{"nome"=>"Teste", "email"=>"Teste@sss"}, "commit"=>"Create Cliente"}
  [1m[35m (0.2ms)[0m  [1m[35mBEGIN[0m
  [1m[35m (0.1ms)[0m  [1m[31mROLLBACK[0m
  Rendering clientes/new.html.erb within layouts/application
  Rendered clientes/_form.html.erb (3.6ms)
  Rendered clientes/new.html.erb within layouts/application (23.1ms)
Completed 200 OK in 282ms (Views: 253.2ms | ActiveRecord: 0.3ms)


Started POST "/clientes" for ::1 at 2017-03-21 05:58:00 -0300
Processing by ClientesController#create as HTML
  Parameters: {"utf8"=>"✓", "authenticity_token"=>"oqsPGY7QzgxBYn4poffeVOhCBFA4OAh9uMsjd33a+NhrT0X1lkVviXfNpg5GU1LeaQc+qeA4RqO2r1eGSS0zBQ==", "cliente"=>{"nome"=>"Teste", "email"=>"Teste@sss"}, "commit"=>"Create Cliente"}
  [1m[35m (0.2ms)[0m  [1m[35mBEGIN[0m
  [1m[35m (0.1ms)[0m  [1m[31mROLLBACK[0m
  Rendering clientes/new.html.erb within layouts/application
  Rendered clientes/_form.html.erb (3.1ms)
  Rendered clientes/new.html.erb within layouts/application (5.9ms)
Completed 200 OK in 79ms (Views: 76.4ms | ActiveRecord: 0.3ms)


Started GET "/clientes" for ::1 at 2017-03-21 05:58:03 -0300
Processing by ClientesController#index as HTML
  Rendering clientes/index.html.erb within layouts/application
  [1m[36mCliente Load (0.5ms)[0m  [1m[34mSELECT  `clientes`.* FROM `clientes` LIMIT 4 OFFSET 0[0m
  [1m[35m (0.3ms)[0m  [1m[34mSELECT COUNT(*) FROM `clientes`[0m
  Rendered clientes/index.html.erb within layouts/application (12.1ms)
Completed 200 OK in 98ms (Views: 79.7ms | ActiveRecord: 0.8ms)


Started GET "/clientes/new" for ::1 at 2017-03-21 05:58:05 -0300
Processing by ClientesController#new as HTML
  Rendering clientes/new.html.erb within layouts/application
  Rendered clientes/_form.html.erb (3.1ms)
  Rendered clientes/new.html.erb within layouts/application (7.0ms)
Completed 200 OK in 88ms (Views: 85.6ms | ActiveRecord: 0.0ms)


Started POST "/clientes" for ::1 at 2017-03-21 05:58:11 -0300
Processing by ClientesController#create as HTML
  Parameters: {"utf8"=>"✓", "authenticity_token"=>"wgm1wP0ADlC/ncJ0rbzGYyxq0p5YXKuNhrC5M+d/S3jEJXGL9PaZs3GNpq5hCF/qgFA0DToMgTPJVPBSUQea+g==", "cliente"=>{"nome"=>"ddd", "email"=>"dadasd@sasdasd"}, "commit"=>"Create Cliente"}
  [1m[35m (0.2ms)[0m  [1m[35mBEGIN[0m
  [1m[35m (0.2ms)[0m  [1m[31mROLLBACK[0m
  Rendering clientes/new.html.erb within layouts/application
  Rendered clientes/_form.html.erb (3.6ms)
  Rendered clientes/new.html.erb within layouts/application (6.9ms)
Completed 200 OK in 90ms (Views: 87.1ms | ActiveRecord: 0.4ms)


Started POST "/clientes" for ::1 at 2017-03-21 05:59:51 -0300
Processing by ClientesController#create as HTML
  Parameters: {"utf8"=>"✓", "authenticity_token"=>"wgm1wP0ADlC/ncJ0rbzGYyxq0p5YXKuNhrC5M+d/S3jEJXGL9PaZs3GNpq5hCF/qgFA0DToMgTPJVPBSUQea+g==", "cliente"=>{"nome"=>"ddd", "email"=>"dadasd@sasdasd"}, "commit"=>"Create Cliente"}
  [1m[35m (0.2ms)[0m  [1m[35mBEGIN[0m
  [1m[35mSQL (0.3ms)[0m  [1m[32mINSERT INTO `clientes` (`nome`, `email`, `created_at`, `updated_at`) VALUES ('ddd', 'dadasd@sasdasd', '2017-03-21 08:59:51', '2017-03-21 08:59:51')[0m
  [1m[35m (15.4ms)[0m  [1m[35mCOMMIT[0m
Redirected to http://localhost:3000/clientes/10
Completed 302 Found in 47ms (ActiveRecord: 15.9ms)


Started GET "/clientes/10" for ::1 at 2017-03-21 05:59:51 -0300
Processing by ClientesController#show as HTML
  Parameters: {"id"=>"10"}
  [1m[36mCliente Load (0.4ms)[0m  [1m[34mSELECT  `clientes`.* FROM `clientes` WHERE `clientes`.`id` = 10 LIMIT 1[0m
  Rendering clientes/show.html.erb within layouts/application
  Rendered clientes/show.html.erb within layouts/application (3.1ms)
Completed 200 OK in 448ms (Views: 413.7ms | ActiveRecord: 0.4ms)


Started DELETE "/clientes/10" for ::1 at 2017-03-21 06:00:05 -0300
Processing by ClientesController#destroy as HTML
  Parameters: {"authenticity_token"=>"aRTBJTjSlcSdYCtfDceub9PnffJkmbW25HbwgcifZBWg8IvJIEc0QavP83jqYyLlUqJHC7yZ+2jqEoRw/GivyA==", "id"=>"10"}
  [1m[36mCliente Load (0.4ms)[0m  [1m[34mSELECT  `clientes`.* FROM `clientes` WHERE `clientes`.`id` = 10 LIMIT 1[0m
  [1m[35m (0.1ms)[0m  [1m[35mBEGIN[0m
  [1m[35mSQL (0.6ms)[0m  [1m[31mDELETE FROM `clientes` WHERE `clientes`.`id` = 10[0m
  [1m[35m (4.7ms)[0m  [1m[35mCOMMIT[0m
Redirected to http://localhost:3000/clientes
Completed 302 Found in 10ms (ActiveRecord: 5.8ms)


Started GET "/clientes" for ::1 at 2017-03-21 06:00:05 -0300
Processing by ClientesController#index as HTML
  Rendering clientes/index.html.erb within layouts/application
  [1m[36mCliente Load (0.4ms)[0m  [1m[34mSELECT  `clientes`.* FROM `clientes` LIMIT 4 OFFSET 0[0m
  [1m[35m (0.3ms)[0m  [1m[34mSELECT COUNT(*) FROM `clientes`[0m
  Rendered clientes/index.html.erb within layouts/application (10.2ms)
Completed 200 OK in 111ms (Views: 79.6ms | ActiveRecord: 0.6ms)


Started GET "/clientes/new" for ::1 at 2017-03-21 06:00:07 -0300
Processing by ClientesController#new as HTML
  Rendering clientes/new.html.erb within layouts/application
  Rendered clientes/_form.html.erb (4.0ms)
  Rendered clientes/new.html.erb within layouts/application (11.8ms)
Completed 200 OK in 104ms (Views: 80.0ms | ActiveRecord: 0.0ms)


Started POST "/clientes" for ::1 at 2017-03-21 06:00:16 -0300
Processing by ClientesController#create as HTML
  Parameters: {"utf8"=>"✓", "authenticity_token"=>"BGlKBAGrgcnL+ILd2w7NvXnHeC0NwKuUV9Nzef8Xm50CRY5PCF0WKgXo5gcXulQ01f2evm+QgSoYNzoYSW9KHw==", "cliente"=>{"nome"=>"Johan sOUSA", "email"=>""}, "commit"=>"Create Cliente"}
  [1m[35m (0.2ms)[0m  [1m[35mBEGIN[0m
  [1m[35m (0.2ms)[0m  [1m[31mROLLBACK[0m
  Rendering clientes/new.html.erb within layouts/application
  Rendered clientes/_form.html.erb (2.7ms)
  Rendered clientes/new.html.erb within layouts/application (5.3ms)
Completed 200 OK in 94ms (Views: 91.0ms | ActiveRecord: 0.4ms)


Started GET "/" for ::1 at 2017-03-21 06:02:17 -0300
Processing by InicioController#index as HTML
  Rendering inicio/index.html.erb within layouts/application
  Rendered inicio/index.html.erb within layouts/application (0.6ms)
Completed 200 OK in 459ms (Views: 439.5ms | ActiveRecord: 0.0ms)


Started GET "/clientes" for ::1 at 2017-03-21 06:02:19 -0300
Processing by ClientesController#index as HTML
  Rendering clientes/index.html.erb within layouts/application
  [1m[36mCliente Load (0.4ms)[0m  [1m[34mSELECT  `clientes`.* FROM `clientes` LIMIT 4 OFFSET 0[0m
  [1m[35m (0.4ms)[0m  [1m[34mSELECT COUNT(*) FROM `clientes`[0m
  Rendered clientes/index.html.erb within layouts/application (39.2ms)
Completed 200 OK in 144ms (Views: 96.3ms | ActiveRecord: 22.9ms)


Started GET "/clientes/new" for ::1 at 2017-03-21 06:02:20 -0300
Processing by ClientesController#new as HTML
  Rendering clientes/new.html.erb within layouts/application
  Rendered clientes/_form.html.erb (3.9ms)
  Rendered clientes/new.html.erb within layouts/application (12.3ms)
Completed 200 OK in 95ms (Views: 81.4ms | ActiveRecord: 0.0ms)


Started POST "/clientes" for ::1 at 2017-03-21 06:02:26 -0300
Processing by ClientesController#create as HTML
  Parameters: {"utf8"=>"✓", "authenticity_token"=>"JAs28F7bi2v57ERmcEEn8nhUq4DLKNQdKWkf763PoL0iJ/K7Vy0ciDf8ILy89b571G5NE6l4/qNmjVaOG7dxPw==", "cliente"=>{"nome"=>"Js", "email"=>""}, "commit"=>"Create Cliente"}
  [1m[35m (0.2ms)[0m  [1m[35mBEGIN[0m
  [1m[35m (0.1ms)[0m  [1m[31mROLLBACK[0m
  Rendering clientes/new.html.erb within layouts/application
  Rendered clientes/_form.html.erb (3.9ms)
  Rendered clientes/new.html.erb within layouts/application (6.6ms)
Completed 200 OK in 82ms (Views: 79.2ms | ActiveRecord: 0.3ms)


Started GET "/" for ::1 at 2017-03-21 06:03:03 -0300
Processing by InicioController#index as HTML
  Rendering inicio/index.html.erb within layouts/application
  Rendered inicio/index.html.erb within layouts/application (0.6ms)
Completed 200 OK in 208ms (Views: 194.9ms | ActiveRecord: 0.0ms)


Started GET "/clientes" for ::1 at 2017-03-21 06:03:06 -0300
Processing by ClientesController#index as HTML
  Rendering clientes/index.html.erb within layouts/application
  [1m[36mCliente Load (0.3ms)[0m  [1m[34mSELECT  `clientes`.* FROM `clientes` LIMIT 4 OFFSET 0[0m
  [1m[35m (0.3ms)[0m  [1m[34mSELECT COUNT(*) FROM `clientes`[0m
  Rendered clientes/index.html.erb within layouts/application (10.2ms)
Completed 200 OK in 104ms (Views: 77.6ms | ActiveRecord: 0.7ms)


Started GET "/" for ::1 at 2017-03-21 06:03:10 -0300
Processing by InicioController#index as HTML
  Rendering inicio/index.html.erb within layouts/application
  Rendered inicio/index.html.erb within layouts/application (0.9ms)
Completed 200 OK in 77ms (Views: 74.5ms | ActiveRecord: 0.0ms)


Started GET "/" for 127.0.0.1 at 2017-03-21 06:04:21 -0300
Processing by InicioController#index as HTML
  Rendering inicio/index.html.erb within layouts/application
  Rendered inicio/index.html.erb within layouts/application (0.5ms)
Completed 200 OK in 72ms (Views: 70.1ms | ActiveRecord: 0.0ms)


Started GET "/clientes" for 127.0.0.1 at 2017-03-21 06:04:23 -0300
Processing by ClientesController#index as HTML
  Rendering clientes/index.html.erb within layouts/application
  [1m[36mCliente Load (0.4ms)[0m  [1m[34mSELECT  `clientes`.* FROM `clientes` LIMIT 4 OFFSET 0[0m
  [1m[35m (0.3ms)[0m  [1m[34mSELECT COUNT(*) FROM `clientes`[0m
  Rendered clientes/index.html.erb within layouts/application (12.2ms)
Completed 200 OK in 99ms (Views: 95.7ms | ActiveRecord: 0.7ms)


Started GET "/" for 127.0.0.1 at 2017-03-21 06:04:38 -0300
Processing by InicioController#index as HTML
  Rendering inicio/index.html.erb within layouts/application
  Rendered inicio/index.html.erb within layouts/application (0.7ms)
Completed 200 OK in 75ms (Views: 72.6ms | ActiveRecord: 0.0ms)


Started GET "/clientes" for ::1 at 2017-03-21 06:07:53 -0300
Processing by ClientesController#index as HTML
  Rendering clientes/index.html.erb within layouts/application
  [1m[36mCliente Load (0.4ms)[0m  [1m[34mSELECT  `clientes`.* FROM `clientes` LIMIT 4 OFFSET 0[0m
  [1m[35m (0.3ms)[0m  [1m[34mSELECT COUNT(*) FROM `clientes`[0m
  Rendered clientes/index.html.erb within layouts/application (18.8ms)
Completed 200 OK in 261ms (Views: 245.4ms | ActiveRecord: 2.0ms)


Started GET "/clientes/new" for ::1 at 2017-03-21 06:07:54 -0300
Processing by ClientesController#new as HTML
  Rendering clientes/new.html.erb within layouts/application
  Rendered clientes/_form.html.erb (3.1ms)
  Rendered clientes/new.html.erb within layouts/application (11.0ms)
Completed 200 OK in 107ms (Views: 91.5ms | ActiveRecord: 0.0ms)


Started POST "/clientes" for ::1 at 2017-03-21 06:07:58 -0300
Processing by ClientesController#create as HTML
  Parameters: {"utf8"=>"✓", "authenticity_token"=>"WHFoBs/YeyN8TSokwrJt0Sa0PVhRYckmpL19nvSmdIBeXaxNxi7swLJdTv4OBvRYio7byzMx45jrWTT/Qt6lAg==", "cliente"=>{"nome"=>"tESTE", "email"=>""}, "commit"=>"Create Cliente"}
  [1m[35m (0.2ms)[0m  [1m[35mBEGIN[0m
  [1m[36mCliente Exists (27.5ms)[0m  [1m[34mSELECT  1 AS one FROM `clientes` WHERE `clientes`.`email` = BINARY '' LIMIT 1[0m
  [1m[35m (0.3ms)[0m  [1m[31mROLLBACK[0m
  Rendering clientes/new.html.erb within layouts/application
  Rendered clientes/_form.html.erb (4.5ms)
  Rendered clientes/new.html.erb within layouts/application (7.5ms)
Completed 200 OK in 412ms (Views: 77.4ms | ActiveRecord: 28.0ms)


Started GET "/clientes" for ::1 at 2017-03-21 06:16:42 -0300
Started GET "/clientes/new" for ::1 at 2017-03-21 06:16:42 -0300
  [1m[36mActiveRecord::SchemaMigration Load (0.5ms)[0m  [1m[34mSELECT `schema_migrations`.* FROM `schema_migrations`[0m
  [1m[36mActiveRecord::SchemaMigration Load (1.1ms)[0m  [1m[34mSELECT `schema_migrations`.* FROM `schema_migrations`[0m
Processing by ClientesController#new as HTML
Processing by ClientesController#index as HTML
  Rendering clientes/index.html.erb within layouts/application
  Rendering clientes/new.html.erb within layouts/application
  [1m[36mCliente Load (3.0ms)[0m  [1m[34mSELECT  `clientes`.* FROM `clientes` LIMIT 4 OFFSET 0[0m
  [1m[35m (0.4ms)[0m  [1m[34mSELECT COUNT(*) FROM `clientes`[0m
  Rendered clientes/index.html.erb within layouts/application (212.8ms)
  Rendered clientes/_form.html.erb (403.6ms)
  Rendered clientes/new.html.erb within layouts/application (538.5ms)
Completed 200 OK in 2353ms (Views: 2303.5ms | ActiveRecord: 3.3ms)


Completed 200 OK in 2381ms (Views: 2316.1ms | ActiveRecord: 3.2ms)


Started GET "/" for ::1 at 2017-03-21 07:27:05 -0300
Started GET "/clientes" for ::1 at 2017-03-21 07:27:05 -0300
  [1m[36mActiveRecord::SchemaMigration Load (48.8ms)[0m  [1m[34mSELECT `schema_migrations`.* FROM `schema_migrations`[0m
  [1m[36mActiveRecord::SchemaMigration Load (49.1ms)[0m  [1m[34mSELECT `schema_migrations`.* FROM `schema_migrations`[0m
Processing by InicioController#index as HTML
Processing by ClientesController#index as HTML
  Rendering inicio/index.html.erb within layouts/application
  Rendered inicio/index.html.erb within layouts/application (4.0ms)
Completed 200 OK in 1256ms (Views: 1204.1ms | ActiveRecord: 0.0ms)


  Rendering clientes/index.html.erb within layouts/application
  [1m[36mCliente Load (5.3ms)[0m  [1m[34mSELECT  `clientes`.* FROM `clientes` LIMIT 4 OFFSET 0[0m
  [1m[35m (38.9ms)[0m  [1m[34mSELECT COUNT(*) FROM `clientes`[0m
  Rendered clientes/index.html.erb within layouts/application (1735.0ms)
Completed 200 OK in 3321ms (Views: 1258.6ms | ActiveRecord: 651.6ms)


Started GET "/clientes?page=2" for ::1 at 2017-03-21 07:27:14 -0300
Processing by ClientesController#index as HTML
  Parameters: {"page"=>"2"}
  Rendering clientes/index.html.erb within layouts/application
  [1m[36mCliente Load (0.4ms)[0m  [1m[34mSELECT  `clientes`.* FROM `clientes` LIMIT 4 OFFSET 4[0m
  [1m[35m (0.3ms)[0m  [1m[34mSELECT COUNT(*) FROM `clientes`[0m
  Rendered clientes/index.html.erb within layouts/application (17.5ms)
Completed 200 OK in 90ms (Views: 86.6ms | ActiveRecord: 0.8ms)


Started GET "/clientes?page=3" for ::1 at 2017-03-21 07:27:14 -0300
Processing by ClientesController#index as HTML
  Parameters: {"page"=>"3"}
  Rendering clientes/index.html.erb within layouts/application
  [1m[36mCliente Load (0.4ms)[0m  [1m[34mSELECT  `clientes`.* FROM `clientes` LIMIT 4 OFFSET 8[0m
  Rendered clientes/index.html.erb within layouts/application (6.0ms)
Completed 200 OK in 91ms (Views: 88.0ms | ActiveRecord: 0.4ms)


Started GET "/clientes?page=2" for ::1 at 2017-03-21 07:27:16 -0300
Processing by ClientesController#index as HTML
  Parameters: {"page"=>"2"}
  Rendering clientes/index.html.erb within layouts/application
  [1m[36mCliente Load (0.3ms)[0m  [1m[34mSELECT  `clientes`.* FROM `clientes` LIMIT 4 OFFSET 4[0m
  [1m[35m (0.3ms)[0m  [1m[34mSELECT COUNT(*) FROM `clientes`[0m
  Rendered clientes/index.html.erb within layouts/application (8.5ms)
Completed 200 OK in 129ms (Views: 117.8ms | ActiveRecord: 0.6ms)


Started GET "/clientes?page=1" for ::1 at 2017-03-21 07:27:17 -0300
Processing by ClientesController#index as HTML
  Parameters: {"page"=>"1"}
  Rendering clientes/index.html.erb within layouts/application
  [1m[36mCliente Load (0.4ms)[0m  [1m[34mSELECT  `clientes`.* FROM `clientes` LIMIT 4 OFFSET 0[0m
  [1m[35m (0.3ms)[0m  [1m[34mSELECT COUNT(*) FROM `clientes`[0m
  Rendered clientes/index.html.erb within layouts/application (8.8ms)
Completed 200 OK in 92ms (Views: 89.6ms | ActiveRecord: 0.8ms)


